<?xml version="1.0" encoding="UTF-8"?>
<testsuite name="com.egen.weighttracker.rep.test.MetricDataSourceTest" tests="1" skipped="0" failures="1" errors="0" timestamp="2017-10-16T08:40:22" hostname="LAKSHMI-PC" time="0.864">
  <properties/>
  <testcase name="count" classname="com.egen.weighttracker.rep.test.MetricDataSourceTest" time="0.864">
    <failure message="java.lang.AssertionError: expected:&lt;1&gt; but was:&lt;61&gt;" type="java.lang.AssertionError">java.lang.AssertionError: expected:&lt;1&gt; but was:&lt;61&gt;
	at org.junit.Assert.fail(Assert.java:88)
	at org.junit.Assert.failNotEquals(Assert.java:834)
	at org.junit.Assert.assertEquals(Assert.java:645)
	at org.junit.Assert.assertEquals(Assert.java:631)
	at com.egen.weighttracker.rep.test.MetricDataSourceTest.count(MetricDataSourceTest.java:41)
	at sun.reflect.NativeMethodAccessorImpl.invoke0(Native Method)
	at sun.reflect.NativeMethodAccessorImpl.invoke(NativeMethodAccessorImpl.java:62)
	at sun.reflect.DelegatingMethodAccessorImpl.invoke(DelegatingMethodAccessorImpl.java:43)
	at java.lang.reflect.Method.invoke(Method.java:498)
	at org.junit.runners.model.FrameworkMethod$1.runReflectiveCall(FrameworkMethod.java:50)
	at org.junit.internal.runners.model.ReflectiveCallable.run(ReflectiveCallable.java:12)
	at org.junit.runners.model.FrameworkMethod.invokeExplosively(FrameworkMethod.java:47)
	at org.junit.internal.runners.statements.InvokeMethod.evaluate(InvokeMethod.java:17)
	at org.springframework.test.context.junit4.statements.RunBeforeTestMethodCallbacks.evaluate(RunBeforeTestMethodCallbacks.java:75)
	at org.springframework.test.context.junit4.statements.RunAfterTestMethodCallbacks.evaluate(RunAfterTestMethodCallbacks.java:86)
	at org.springframework.test.context.junit4.statements.SpringRepeat.evaluate(SpringRepeat.java:84)
	at org.junit.runners.ParentRunner.runLeaf(ParentRunner.java:325)
	at org.springframework.test.context.junit4.SpringJUnit4ClassRunner.runChild(SpringJUnit4ClassRunner.java:252)
	at org.springframework.test.context.junit4.SpringJUnit4ClassRunner.runChild(SpringJUnit4ClassRunner.java:94)
	at org.junit.runners.ParentRunner$3.run(ParentRunner.java:290)
	at org.junit.runners.ParentRunner$1.schedule(ParentRunner.java:71)
	at org.junit.runners.ParentRunner.runChildren(ParentRunner.java:288)
	at org.junit.runners.ParentRunner.access$000(ParentRunner.java:58)
	at org.junit.runners.ParentRunner$2.evaluate(ParentRunner.java:268)
	at org.springframework.test.context.junit4.statements.RunBeforeTestClassCallbacks.evaluate(RunBeforeTestClassCallbacks.java:61)
	at org.springframework.test.context.junit4.statements.RunAfterTestClassCallbacks.evaluate(RunAfterTestClassCallbacks.java:70)
	at org.junit.runners.ParentRunner.run(ParentRunner.java:363)
	at org.springframework.test.context.junit4.SpringJUnit4ClassRunner.run(SpringJUnit4ClassRunner.java:191)
	at org.gradle.api.internal.tasks.testing.junit.JUnitTestClassExecuter.runTestClass(JUnitTestClassExecuter.java:114)
	at org.gradle.api.internal.tasks.testing.junit.JUnitTestClassExecuter.execute(JUnitTestClassExecuter.java:57)
	at org.gradle.api.internal.tasks.testing.junit.JUnitTestClassProcessor.processTestClass(JUnitTestClassProcessor.java:66)
	at org.gradle.api.internal.tasks.testing.SuiteTestClassProcessor.processTestClass(SuiteTestClassProcessor.java:51)
	at sun.reflect.NativeMethodAccessorImpl.invoke0(Native Method)
	at sun.reflect.NativeMethodAccessorImpl.invoke(NativeMethodAccessorImpl.java:62)
	at sun.reflect.DelegatingMethodAccessorImpl.invoke(DelegatingMethodAccessorImpl.java:43)
	at java.lang.reflect.Method.invoke(Method.java:498)
	at org.gradle.internal.dispatch.ReflectionDispatch.dispatch(ReflectionDispatch.java:35)
	at org.gradle.internal.dispatch.ReflectionDispatch.dispatch(ReflectionDispatch.java:24)
	at org.gradle.internal.dispatch.ContextClassLoaderDispatch.dispatch(ContextClassLoaderDispatch.java:32)
	at org.gradle.internal.dispatch.ProxyDispatchAdapter$DispatchingInvocationHandler.invoke(ProxyDispatchAdapter.java:93)
	at com.sun.proxy.$Proxy1.processTestClass(Unknown Source)
	at org.gradle.api.internal.tasks.testing.worker.TestWorker.processTestClass(TestWorker.java:109)
	at sun.reflect.NativeMethodAccessorImpl.invoke0(Native Method)
	at sun.reflect.NativeMethodAccessorImpl.invoke(NativeMethodAccessorImpl.java:62)
	at sun.reflect.DelegatingMethodAccessorImpl.invoke(DelegatingMethodAccessorImpl.java:43)
	at java.lang.reflect.Method.invoke(Method.java:498)
	at org.gradle.internal.dispatch.ReflectionDispatch.dispatch(ReflectionDispatch.java:35)
	at org.gradle.internal.dispatch.ReflectionDispatch.dispatch(ReflectionDispatch.java:24)
	at org.gradle.internal.remote.internal.hub.MessageHubBackedObjectConnection$DispatchWrapper.dispatch(MessageHubBackedObjectConnection.java:146)
	at org.gradle.internal.remote.internal.hub.MessageHubBackedObjectConnection$DispatchWrapper.dispatch(MessageHubBackedObjectConnection.java:128)
	at org.gradle.internal.remote.internal.hub.MessageHub$Handler.run(MessageHub.java:404)
	at org.gradle.internal.concurrent.ExecutorPolicy$CatchAndRecordFailures.onExecute(ExecutorPolicy.java:63)
	at org.gradle.internal.concurrent.StoppableExecutorImpl$1.run(StoppableExecutorImpl.java:46)
	at java.util.concurrent.ThreadPoolExecutor.runWorker(ThreadPoolExecutor.java:1142)
	at java.util.concurrent.ThreadPoolExecutor$Worker.run(ThreadPoolExecutor.java:617)
	at org.gradle.internal.concurrent.ThreadFactoryImpl$ManagedThreadRunnable.run(ThreadFactoryImpl.java:55)
	at java.lang.Thread.run(Thread.java:745)
</failure>
  </testcase>
  <system-out><![CDATA[03:40:09.533 [Test worker] DEBUG org.springframework.test.context.junit4.SpringJUnit4ClassRunner - SpringJUnit4ClassRunner constructor called with [class com.egen.weighttracker.rep.test.MetricDataSourceTest]
03:40:09.607 [Test worker] DEBUG org.springframework.test.context.BootstrapUtils - Instantiating CacheAwareContextLoaderDelegate from class [org.springframework.test.context.cache.DefaultCacheAwareContextLoaderDelegate]
03:40:09.684 [Test worker] DEBUG org.springframework.test.context.BootstrapUtils - Instantiating BootstrapContext using constructor [public org.springframework.test.context.support.DefaultBootstrapContext(java.lang.Class,org.springframework.test.context.CacheAwareContextLoaderDelegate)]
03:40:09.730 [Test worker] DEBUG org.springframework.test.context.BootstrapUtils - Instantiating TestContextBootstrapper for test class [com.egen.weighttracker.rep.test.MetricDataSourceTest] from class [org.springframework.test.context.support.DefaultTestContextBootstrapper]
03:40:09.885 [Test worker] DEBUG org.springframework.test.context.support.AbstractDelegatingSmartContextLoader - Delegating to AnnotationConfigContextLoader to process context configuration [ContextConfigurationAttributes@6014c6b1 declaringClass = 'com.egen.weighttracker.rep.test.MetricDataSourceTest', classes = '{class com.egen.weightanalyzer.repository.DBApplication}', locations = '{}', inheritLocations = true, initializers = '{}', inheritInitializers = true, name = [null], contextLoaderClass = 'org.springframework.test.context.ContextLoader'].
03:40:10.094 [Test worker] DEBUG org.springframework.test.context.support.ActiveProfilesUtils - Could not find an 'annotation declaring class' for annotation type [org.springframework.test.context.ActiveProfiles] and class [com.egen.weighttracker.rep.test.MetricDataSourceTest]
03:40:10.097 [Test worker] DEBUG org.springframework.test.context.support.DefaultTestContextBootstrapper - @TestExecutionListeners is not present for class [com.egen.weighttracker.rep.test.MetricDataSourceTest]: using defaults.
03:40:10.123 [Test worker] INFO org.springframework.test.context.support.DefaultTestContextBootstrapper - Loaded default TestExecutionListener class names from location [META-INF/spring.factories]: [org.springframework.boot.test.autoconfigure.restdocs.RestDocsTestExecutionListener, org.springframework.boot.test.autoconfigure.web.client.MockRestServiceServerResetTestExecutionListener, org.springframework.boot.test.autoconfigure.web.servlet.MockMvcPrintOnlyOnFailureTestExecutionListener, org.springframework.boot.test.autoconfigure.web.servlet.WebDriverTestExecutionListener, org.springframework.boot.test.mock.mockito.MockitoTestExecutionListener, org.springframework.boot.test.mock.mockito.ResetMocksTestExecutionListener, org.springframework.test.context.web.ServletTestExecutionListener, org.springframework.test.context.support.DirtiesContextBeforeModesTestExecutionListener, org.springframework.test.context.support.DependencyInjectionTestExecutionListener, org.springframework.test.context.support.DirtiesContextTestExecutionListener, org.springframework.test.context.transaction.TransactionalTestExecutionListener, org.springframework.test.context.jdbc.SqlScriptsTestExecutionListener]
03:40:10.170 [Test worker] INFO org.springframework.test.context.support.DefaultTestContextBootstrapper - Could not instantiate TestExecutionListener [org.springframework.test.context.web.ServletTestExecutionListener]. Specify custom listener classes or make the default listener classes (and their required dependencies) available. Offending class: [javax/servlet/ServletContext]
03:40:10.187 [Test worker] INFO org.springframework.test.context.support.DefaultTestContextBootstrapper - Could not instantiate TestExecutionListener [org.springframework.test.context.jdbc.SqlScriptsTestExecutionListener]. Specify custom listener classes or make the default listener classes (and their required dependencies) available. Offending class: [org/springframework/transaction/interceptor/TransactionAttribute]
03:40:10.190 [Test worker] INFO org.springframework.test.context.support.DefaultTestContextBootstrapper - Could not instantiate TestExecutionListener [org.springframework.test.context.transaction.TransactionalTestExecutionListener]. Specify custom listener classes or make the default listener classes (and their required dependencies) available. Offending class: [org/springframework/transaction/interceptor/TransactionAttributeSource]
03:40:10.192 [Test worker] INFO org.springframework.test.context.support.DefaultTestContextBootstrapper - Using TestExecutionListeners: [org.springframework.test.context.support.DirtiesContextBeforeModesTestExecutionListener@5e17a3f9, org.springframework.test.context.support.DependencyInjectionTestExecutionListener@65c07702, org.springframework.test.context.support.DirtiesContextTestExecutionListener@3c6d9129, org.springframework.boot.test.autoconfigure.web.client.MockRestServiceServerResetTestExecutionListener@e46ba1a, org.springframework.boot.test.mock.mockito.MockitoTestExecutionListener@6d2dd840, org.springframework.boot.test.autoconfigure.web.servlet.WebDriverTestExecutionListener@b33ca80, org.springframework.boot.test.mock.mockito.ResetMocksTestExecutionListener@5b87f616, org.springframework.boot.test.autoconfigure.restdocs.RestDocsTestExecutionListener@602a0116, org.springframework.boot.test.autoconfigure.web.servlet.MockMvcPrintOnlyOnFailureTestExecutionListener@63c63a8b]
03:40:10.205 [Test worker] DEBUG org.springframework.test.annotation.ProfileValueUtils - Retrieved @ProfileValueSourceConfiguration [null] for test class [com.egen.weighttracker.rep.test.MetricDataSourceTest]
03:40:10.208 [Test worker] DEBUG org.springframework.test.annotation.ProfileValueUtils - Retrieved ProfileValueSource type [class org.springframework.test.annotation.SystemProfileValueSource] for class [com.egen.weighttracker.rep.test.MetricDataSourceTest]
03:40:10.211 [Test worker] DEBUG org.springframework.test.annotation.ProfileValueUtils - Retrieved @ProfileValueSourceConfiguration [null] for test class [com.egen.weighttracker.rep.test.MetricDataSourceTest]
03:40:10.212 [Test worker] DEBUG org.springframework.test.annotation.ProfileValueUtils - Retrieved ProfileValueSource type [class org.springframework.test.annotation.SystemProfileValueSource] for class [com.egen.weighttracker.rep.test.MetricDataSourceTest]
03:40:10.224 [Test worker] DEBUG org.springframework.test.context.support.AbstractDirtiesContextTestExecutionListener - Before test class: context [DefaultTestContext@374fdcde testClass = MetricDataSourceTest, testInstance = [null], testMethod = [null], testException = [null], mergedContextConfiguration = [MergedContextConfiguration@1df468e testClass = MetricDataSourceTest, locations = '{}', classes = '{class com.egen.weightanalyzer.repository.DBApplication}', contextInitializerClasses = '[]', activeProfiles = '{}', propertySourceLocations = '{}', propertySourceProperties = '{}', contextCustomizers = set[org.springframework.boot.test.autoconfigure.properties.PropertyMappingContextCustomizer@0, org.springframework.boot.test.autoconfigure.web.servlet.WebDriverContextCustomizerFactory$Customizer@24a2fbf3, org.springframework.boot.test.context.filter.ExcludeFilterContextCustomizer@41a50daf, org.springframework.boot.test.json.DuplicateJsonObjectContextCustomizerFactory$DuplicateJsonObjectContextCustomizer@1a15c7f2, org.springframework.boot.test.mock.mockito.MockitoContextCustomizer@0], contextLoader = 'org.springframework.test.context.support.DelegatingSmartContextLoader', parent = [null]]], class annotated with @DirtiesContext [false] with mode [null].
03:40:10.228 [Test worker] DEBUG org.springframework.test.annotation.ProfileValueUtils - Retrieved @ProfileValueSourceConfiguration [null] for test class [com.egen.weighttracker.rep.test.MetricDataSourceTest]
03:40:10.229 [Test worker] DEBUG org.springframework.test.annotation.ProfileValueUtils - Retrieved ProfileValueSource type [class org.springframework.test.annotation.SystemProfileValueSource] for class [com.egen.weighttracker.rep.test.MetricDataSourceTest]
03:40:10.233 [Test worker] DEBUG org.springframework.test.context.support.DependencyInjectionTestExecutionListener - Performing dependency injection for test context [[DefaultTestContext@374fdcde testClass = MetricDataSourceTest, testInstance = com.egen.weighttracker.rep.test.MetricDataSourceTest@477f1b89, testMethod = [null], testException = [null], mergedContextConfiguration = [MergedContextConfiguration@1df468e testClass = MetricDataSourceTest, locations = '{}', classes = '{class com.egen.weightanalyzer.repository.DBApplication}', contextInitializerClasses = '[]', activeProfiles = '{}', propertySourceLocations = '{}', propertySourceProperties = '{}', contextCustomizers = set[org.springframework.boot.test.autoconfigure.properties.PropertyMappingContextCustomizer@0, org.springframework.boot.test.autoconfigure.web.servlet.WebDriverContextCustomizerFactory$Customizer@24a2fbf3, org.springframework.boot.test.context.filter.ExcludeFilterContextCustomizer@41a50daf, org.springframework.boot.test.json.DuplicateJsonObjectContextCustomizerFactory$DuplicateJsonObjectContextCustomizer@1a15c7f2, org.springframework.boot.test.mock.mockito.MockitoContextCustomizer@0], contextLoader = 'org.springframework.test.context.support.DelegatingSmartContextLoader', parent = [null]]]].
03:40:10.236 [Test worker] DEBUG org.springframework.test.context.support.AbstractDelegatingSmartContextLoader - Delegating to AnnotationConfigContextLoader to load context from [MergedContextConfiguration@1df468e testClass = MetricDataSourceTest, locations = '{}', classes = '{class com.egen.weightanalyzer.repository.DBApplication}', contextInitializerClasses = '[]', activeProfiles = '{}', propertySourceLocations = '{}', propertySourceProperties = '{}', contextCustomizers = set[org.springframework.boot.test.autoconfigure.properties.PropertyMappingContextCustomizer@0, org.springframework.boot.test.autoconfigure.web.servlet.WebDriverContextCustomizerFactory$Customizer@24a2fbf3, org.springframework.boot.test.context.filter.ExcludeFilterContextCustomizer@41a50daf, org.springframework.boot.test.json.DuplicateJsonObjectContextCustomizerFactory$DuplicateJsonObjectContextCustomizer@1a15c7f2, org.springframework.boot.test.mock.mockito.MockitoContextCustomizer@0], contextLoader = 'org.springframework.test.context.support.DelegatingSmartContextLoader', parent = [null]].
03:40:10.237 [Test worker] DEBUG org.springframework.test.context.support.AbstractGenericContextLoader - Loading ApplicationContext for merged context configuration [[MergedContextConfiguration@1df468e testClass = MetricDataSourceTest, locations = '{}', classes = '{class com.egen.weightanalyzer.repository.DBApplication}', contextInitializerClasses = '[]', activeProfiles = '{}', propertySourceLocations = '{}', propertySourceProperties = '{}', contextCustomizers = set[org.springframework.boot.test.autoconfigure.properties.PropertyMappingContextCustomizer@0, org.springframework.boot.test.autoconfigure.web.servlet.WebDriverContextCustomizerFactory$Customizer@24a2fbf3, org.springframework.boot.test.context.filter.ExcludeFilterContextCustomizer@41a50daf, org.springframework.boot.test.json.DuplicateJsonObjectContextCustomizerFactory$DuplicateJsonObjectContextCustomizer@1a15c7f2, org.springframework.boot.test.mock.mockito.MockitoContextCustomizer@0], contextLoader = 'org.springframework.test.context.support.DelegatingSmartContextLoader', parent = [null]]].
03:40:10.855 [Test worker] DEBUG org.springframework.core.env.StandardEnvironment - Adding PropertySource 'systemProperties' with lowest search precedence
03:40:10.856 [Test worker] DEBUG org.springframework.core.env.StandardEnvironment - Adding PropertySource 'systemEnvironment' with lowest search precedence
03:40:10.859 [Test worker] DEBUG org.springframework.core.env.StandardEnvironment - Initialized StandardEnvironment with PropertySources [MapPropertySource@728807146 {name='systemProperties', properties={java.runtime.name=Java(TM) SE Runtime Environment, sun.boot.library.path=D:\ProgramFiles\java\jdk8\jre\bin, java.vm.version=25.121-b13, java.vm.vendor=Oracle Corporation, java.vendor.url=http://java.oracle.com/, path.separator=;, java.vm.name=Java HotSpot(TM) 64-Bit Server VM, file.encoding.pkg=sun.io, user.script=, sun.java.launcher=SUN_STANDARD, user.country=US, sun.os.patch.level=Service Pack 1, java.vm.specification.name=Java Virtual Machine Specification, user.dir=F:\Workspace\gradle-workspace\weight-analyzer\db-mediator, java.runtime.version=1.8.0_121-b13, java.awt.graphicsenv=sun.awt.Win32GraphicsEnvironment, java.endorsed.dirs=D:\ProgramFiles\java\jdk8\jre\lib\endorsed, os.arch=amd64, java.io.tmpdir=C:\Users\ELN\AppData\Local\Temp\, line.separator=
, java.vm.specification.vendor=Oracle Corporation, user.variant=, os.name=Windows 7, sun.jnu.encoding=Cp1252, java.library.path=D:\ProgramFiles\java\jdk8\bin;C:\Windows\Sun\Java\bin;C:\Windows\system32;C:\Windows;C:\ProgramData\Oracle\Java\javapath;C:\Program Files\Common Files\Microsoft Shared\Windows Live;C:\Program Files (x86)\Common Files\Microsoft Shared\Windows Live;C:\Windows\system32;C:\Windows;C:\Windows\System32\Wbem;C:\Windows\System32\WindowsPowerShell\v1.0\;C:\Program Files\Intel\WiFi\bin\;C:\Program Files\Common Files\Intel\WirelessCommon\;c:\Program Files (x86)\Common Files\Roxio Shared\DLLShared\;c:\Program Files (x86)\Common Files\Roxio Shared\OEM\DLLShared\;c:\Program Files (x86)\Common Files\Roxio Shared\OEM\DLLShared\;c:\Program Files (x86)\Common Files\Roxio Shared\OEM\12.0\DLLShared\;c:\Program Files (x86)\Roxio\OEM\AudioCore\;C:\Program Files (x86)\Windows Live\Shared;D:\ProgramFiles\servers\nodejs;D:\ProgramFiles\Gradle\gradle-4.0\bin;D:\ProgramFiles\java\jdk8\bin;D:\ProgramFiles\maven\apache-maven-3.5.0-bin\bin;C:\Program Files (x86)\Skype\Phone\;D:\ProgramFiles\minishift1.5\minishift-1.5.0-windows-amd64;C:\Program Files\PuTTY\;C:\Program Files\Git\cmd;C:\Users\ELN\AppData\Roaming\npm;., java.specification.name=Java Platform API Specification, java.class.version=52.0, org.gradle.native=false, sun.management.compiler=HotSpot 64-Bit Tiered Compilers, os.version=6.1, user.home=C:\Users\ELN, user.timezone=America/Chicago, java.awt.printerjob=sun.awt.windows.WPrinterJob, file.encoding=windows-1252, java.specification.version=1.8, java.class.path=F:\Workspace\gradle-workspace\weight-analyzer\db-mediator\build\classes\java\test;F:\Workspace\gradle-workspace\weight-analyzer\db-mediator\build\resources\test;F:\Workspace\gradle-workspace\weight-analyzer\db-mediator\build\classes\java\main;F:\Workspace\gradle-workspace\weight-analyzer\db-mediator\build\resources\main;G:\repo\caches\modules-2\files-2.1\commons-beanutils\commons-beanutils\1.8.3\686ef3410bcf4ab8ce7fd0b899e832aaba5facf7\commons-beanutils-1.8.3.jar;G:\repo\caches\modules-2\files-2.1\org.springframework.boot\spring-boot-starter\1.5.7.RELEASE\b42fe6962dd8b3be4ac8c1d7134d0ca2d0a35c7e\spring-boot-starter-1.5.7.RELEASE.jar;G:\repo\caches\modules-2\files-2.1\org.springframework.boot\spring-boot-maven-plugin\1.5.7.RELEASE\c536df1900158f5d1f4bb6e7b5b4cc45488ede25\spring-boot-maven-plugin-1.5.7.RELEASE.jar;G:\repo\caches\modules-2\files-2.1\com.google.code.gson\gson\2.7\751f548c85fa49f330cecbb1875893f971b33c4e\gson-2.7.jar;G:\repo\caches\modules-2\files-2.1\org.mongodb.morphia\morphia\1.3.2\d092af507a8fdafb90fee3a16b24d5cdf1628544\morphia-1.3.2.jar;G:\repo\caches\modules-2\files-2.1\org.springframework.boot\spring-boot-starter-test\1.5.7.RELEASE\d23f37a72c2d4e46aba66bc69a649213f9cadeee\spring-boot-starter-test-1.5.7.RELEASE.jar;G:\repo\caches\modules-2\files-2.1\org.springframework.boot\spring-boot-test-autoconfigure\1.5.7.RELEASE\8bead16b97c9f1b5fe7c47f3e030dd9351a6974d\spring-boot-test-autoconfigure-1.5.7.RELEASE.jar;G:\repo\caches\modules-2\files-2.1\org.springframework.boot\spring-boot-autoconfigure\1.5.7.RELEASE\e83f1407ff991e9e7eb156f49fa19d868bb73289\spring-boot-autoconfigure-1.5.7.RELEASE.jar;G:\repo\caches\modules-2\files-2.1\org.springframework.boot\spring-boot-test\1.5.7.RELEASE\b8d77445d48f4320f404d8f13f4e5cb95bc36b30\spring-boot-test-1.5.7.RELEASE.jar;G:\repo\caches\modules-2\files-2.1\org.springframework.boot\spring-boot\1.5.7.RELEASE\1006870df7b3dc203df7ce84463c5dd7049fdaa4\spring-boot-1.5.7.RELEASE.jar;G:\repo\caches\modules-2\files-2.1\org.springframework.boot\spring-boot-loader-tools\1.5.7.RELEASE\e99c816906e6743b4c59977144a66713969ab22a\spring-boot-loader-tools-1.5.7.RELEASE.jar;G:\repo\caches\modules-2\files-2.1\org.springframework\spring-test\4.3.11.RELEASE\cf765b5d6d6bdc38c67522ecae3fe9549da43e1\spring-test-4.3.11.RELEASE.jar;G:\repo\caches\modules-2\files-2.1\org.springframework\spring-context\4.3.11.RELEASE\3efec2d7c7469d49108a2b21c3f15831f7297569\spring-context-4.3.11.RELEASE.jar;G:\repo\caches\modules-2\files-2.1\org.springframework\spring-aop\4.3.11.RELEASE\461d0bb58f1de30203d9331adf4b51de9554de5a\spring-aop-4.3.11.RELEASE.jar;G:\repo\caches\modules-2\files-2.1\org.springframework\spring-beans\4.3.11.RELEASE\591cc35fd39292adae13f01aa13e978d0bb11936\spring-beans-4.3.11.RELEASE.jar;G:\repo\caches\modules-2\files-2.1\org.springframework\spring-expression\4.3.11.RELEASE\fca662a2fccdad90ec22b2aaecb021047dcbe249\spring-expression-4.3.11.RELEASE.jar;G:\repo\caches\modules-2\files-2.1\org.springframework\spring-core\4.3.11.RELEASE\eb30ed093f628279d3aead068fd478fa343f1dad\spring-core-4.3.11.RELEASE.jar;G:\repo\caches\modules-2\files-2.1\commons-logging\commons-logging\1.2\4bfc12adfe4842bf07b657f0369c4cb522955686\commons-logging-1.2.jar;G:\repo\caches\modules-2\files-2.1\org.springframework.boot\spring-boot-starter-logging\1.5.7.RELEASE\c84c4ea09d7f789a0d5e936a961471e5dbd9295e\spring-boot-starter-logging-1.5.7.RELEASE.jar;G:\repo\caches\modules-2\files-2.1\org.yaml\snakeyaml\1.17\7a27ea250c5130b2922b86dea63cbb1cc10a660c\snakeyaml-1.17.jar;G:\repo\caches\modules-2\files-2.1\org.apache.maven\maven-archiver\2.6\e0f87fd4d03b9f0c09908c4d0c398acd501a11d8\maven-archiver-2.6.jar;G:\repo\caches\modules-2\files-2.1\org.apache.maven.shared\maven-common-artifact-filters\1.4\de97ff2efd804f06c3698a914f2d55205742bcc4\maven-common-artifact-filters-1.4.jar;G:\repo\caches\modules-2\files-2.1\org.apache.maven\maven-project\2.0.8\475a52c7181930b1680fce3269245ccc26e3de\maven-project-2.0.8.jar;G:\repo\caches\modules-2\files-2.1\org.apache.maven\maven-artifact-manager\2.0.8\bb5ba069e3460450b139075b91f27f7bd4007877\maven-artifact-manager-2.0.8.jar;G:\repo\caches\modules-2\files-2.1\org.apache.maven\maven-core\3.1.1\ab7a9b58a1a4dec17facebda058d1da2a34871ff\maven-core-3.1.1.jar;G:\repo\caches\modules-2\files-2.1\org.apache.maven\maven-plugin-api\3.1.1\3836a4ea31ca2d1531aa250127bc17e6e876d658\maven-plugin-api-3.1.1.jar;G:\repo\caches\modules-2\files-2.1\org.apache.maven\maven-artifact\3.1.1\dbd94f0744545e17caa51db6fc493fc736361837\maven-artifact-3.1.1.jar;G:\repo\caches\modules-2\files-2.1\org.apache.maven\maven-profile\2.0.8\4da3b9551606437a80bdc695c4fafde03a037ab9\maven-profile-2.0.8.jar;G:\repo\caches\modules-2\files-2.1\org.apache.maven\maven-aether-provider\3.1.1\7fd8a65d950d0e77dd39cc4ce2776ff9673ae470\maven-aether-provider-3.1.1.jar;G:\repo\caches\modules-2\files-2.1\org.apache.maven\maven-model-builder\3.1.1\5fb53c92da84ebeff403414b667611d6bcd477cf\maven-model-builder-3.1.1.jar;G:\repo\caches\modules-2\files-2.1\org.apache.maven\maven-model\3.1.1\ccf79a1a63ef35de038a4226a952175c4e9f4f59\maven-model-3.1.1.jar;G:\repo\caches\modules-2\files-2.1\org.apache.maven\maven-settings-builder\3.1.1\e2d5e96ea4bbd4fc463dbb76d07dd8aefac05e3c\maven-settings-builder-3.1.1.jar;G:\repo\caches\modules-2\files-2.1\org.apache.maven\maven-settings\3.1.1\311d38cf15ec7f5c713985862632db91b7a827af\maven-settings-3.1.1.jar;G:\repo\caches\modules-2\files-2.1\org.codehaus.plexus\plexus-archiver\2.8.1\303776b3f932488380e34fe43b51ab1bbd717b8a\plexus-archiver-2.8.1.jar;G:\repo\caches\modules-2\files-2.1\org.sonatype.plexus\plexus-build-api\0.0.7\e6ba5cd4bfd8de00235af936e7f63eb24ed436e6\plexus-build-api-0.0.7.jar;G:\repo\caches\modules-2\files-2.1\org.codehaus.plexus\plexus-io\2.3.2\92039985681333499e44f032887b6e340816a1d\plexus-io-2.3.2.jar;G:\repo\caches\modules-2\files-2.1\org.apache.maven\maven-plugin-registry\2.0.8\37385b508a04d77575c6b5542b88bd96f5257541\maven-plugin-registry-2.0.8.jar;G:\repo\caches\modules-2\files-2.1\org.apache.maven.wagon\wagon-provider-api\1.0-beta-2\abd1c9ace6e87c94a4b91f5176aeb09d954b23a3\wagon-provider-api-1.0-beta-2.jar;G:\repo\caches\modules-2\files-2.1\org.eclipse.sisu\org.eclipse.sisu.plexus\0.0.0.M5\8818cc5a4d2afde2fbc87c2a78cf1ebf5719a869\org.eclipse.sisu.plexus-0.0.0.M5.jar;G:\repo\caches\modules-2\files-2.1\org.sonatype.plexus\plexus-sec-dispatcher\1.3\dedc02034fb8fcd7615d66593228cb71709134b4\plexus-sec-dispatcher-1.3.jar;G:\repo\caches\modules-2\files-2.1\org.codehaus.plexus\plexus-container-default\1.5.5\265fa2851d31c2e2177859a518987595efe146b\plexus-container-default-1.5.5.jar;G:\repo\caches\modules-2\files-2.1\org.apache.maven\maven-repository-metadata\3.1.1\ef5bccf2a7a22a326c8fe94e1d56f6f15419bedd\maven-repository-metadata-3.1.1.jar;G:\repo\caches\modules-2\files-2.1\org.codehaus.plexus\plexus-utils\3.0.20\e121ed37af8ee3928952f6d8a303de24e019aab0\plexus-utils-3.0.20.jar;G:\repo\caches\modules-2\files-2.1\org.mongodb\mongo-java-driver\3.4.3\e8fa9a9ce6ea827cbff320dc0d46c6483777654c\mongo-java-driver-3.4.3.jar;G:\repo\caches\modules-2\files-2.1\cglib\cglib-nodep\2.2.2\d456bb230c70c0b95c76fb28e429d42f275941\cglib-nodep-2.2.2.jar;G:\repo\caches\modules-2\files-2.1\com.thoughtworks.proxytoys\proxytoys\1.0\d22baee6d1b98dc38a6a428f774fd9e5b2ccf4af\proxytoys-1.0.jar;G:\repo\caches\modules-2\files-2.1\com.jayway.jsonpath\json-path\2.2.0\22290d17944bd239fabf5ac69005a60a7ecbbbcb\json-path-2.2.0.jar;G:\repo\caches\modules-2\files-2.1\junit\junit\4.12\2973d150c0dc1fefe998f834810d68f278ea58ec\junit-4.12.jar;G:\repo\caches\modules-2\files-2.1\org.assertj\assertj-core\2.6.0\b532c3fc4f66bcfee4989a3514f1cd56203a33ad\assertj-core-2.6.0.jar;G:\repo\caches\modules-2\files-2.1\org.mockito\mockito-core\1.10.19\e8546f5bef4e061d8dd73895b4e8f40e3fe6effe\mockito-core-1.10.19.jar;G:\repo\caches\modules-2\files-2.1\org.hamcrest\hamcrest-library\1.3\4785a3c21320980282f9f33d0d1264a69040538f\hamcrest-library-1.3.jar;G:\repo\caches\modules-2\files-2.1\org.hamcrest\hamcrest-core\1.3\42a25dc3219429f0e5d060061f71acb49bf010a0\hamcrest-core-1.3.jar;G:\repo\caches\modules-2\files-2.1\org.skyscreamer\jsonassert\1.4.0\9cdbb373a06f6513e51e8c545ee6a5e981463edb\jsonassert-1.4.0.jar;G:\repo\caches\modules-2\files-2.1\ch.qos.logback\logback-classic\1.1.11\ccedfbacef4a6515d2983e3f89ed753d5d4fb665\logback-classic-1.1.11.jar;G:\repo\caches\modules-2\files-2.1\org.slf4j\jcl-over-slf4j\1.7.25\f8c32b13ff142a513eeb5b6330b1588dcb2c0461\jcl-over-slf4j-1.7.25.jar;G:\repo\caches\modules-2\files-2.1\org.slf4j\jul-to-slf4j\1.7.25\af5364cd6679bfffb114f0dec8a157aaa283b76\jul-to-slf4j-1.7.25.jar;G:\repo\caches\modules-2\files-2.1\org.slf4j\log4j-over-slf4j\1.7.25\a87bb47468f47ee7aabbd54f93e133d4215769c3\log4j-over-slf4j-1.7.25.jar;G:\repo\caches\modules-2\files-2.1\org.apache.maven.shared\maven-shared-utils\0.7\704e679088765e7df5e1ef3eef400c4a061c9ef\maven-shared-utils-0.7.jar;G:\repo\caches\modules-2\files-2.1\org.codehaus.plexus\plexus-interpolation\1.21\f92de59d295f16868001644acc21720f3ec9eb15\plexus-interpolation-1.21.jar;G:\repo\caches\modules-2\files-2.1\org.apache.commons\commons-compress\1.9\cc18955ff1e36d5abd39a14bfe82b19154330a34\commons-compress-1.9.jar;G:\repo\caches\modules-2\files-2.1\net.minidev\json-smart\2.2.1\5b9e5df7a62d1279b70dc882b041d249c4f0b002\json-smart-2.2.1.jar;G:\repo\caches\modules-2\files-2.1\org.slf4j\slf4j-api\1.7.25\da76ca59f6a57ee3102f8f9bd9cee742973efa8a\slf4j-api-1.7.25.jar;G:\repo\caches\modules-2\files-2.1\org.objenesis\objenesis\2.1\87c0ea803b69252868d09308b4618f766f135a96\objenesis-2.1.jar;G:\repo\caches\modules-2\files-2.1\com.vaadin.external.google\android-json\0.0.20131108.vaadin1\fa26d351fe62a6a17f5cda1287c1c6110dec413f\android-json-0.0.20131108.vaadin1.jar;G:\repo\caches\modules-2\files-2.1\ch.qos.logback\logback-core\1.1.11\88b8df40340eed549fb07e2613879bf6b006704d\logback-core-1.1.11.jar;G:\repo\caches\modules-2\files-2.1\com.google.guava\guava\10.0.1\292c96f9cb18231528cac4b0bf17d28149d14809\guava-10.0.1.jar;G:\repo\caches\modules-2\files-2.1\com.google.code.findbugs\jsr305\2.0.1\516c03b21d50a644d538de0f0369c620989cd8f0\jsr305-2.0.1.jar;G:\repo\caches\modules-2\files-2.1\net.minidev\accessors-smart\1.1\a527213f2fea112a04c9bdf0ec0264e34104cd08\accessors-smart-1.1.jar;G:\repo\caches\modules-2\files-2.1\org.ow2.asm\asm\5.0.3\dcc2193db20e19e1feca8b1240dbbc4e190824fa\asm-5.0.3.jar;G:\repo\caches\modules-2\files-2.1\org.eclipse.aether\aether-impl\0.9.0.M2\eab9a4baae8de96a24c04219236363d0ca73e8a9\aether-impl-0.9.0.M2.jar;G:\repo\caches\modules-2\files-2.1\org.eclipse.aether\aether-util\0.9.0.M2\b957089deb654647da320ad7507b0a4b5ce23813\aether-util-0.9.0.M2.jar;G:\repo\caches\modules-2\files-2.1\org.eclipse.aether\aether-spi\0.9.0.M2\3647d00620a91360990c9680f29fbcc22d69c2ee\aether-spi-0.9.0.M2.jar;G:\repo\caches\modules-2\files-2.1\org.eclipse.aether\aether-api\0.9.0.M2\97662c999c6b2fbf2ee50e814a34639c1c1d22de\aether-api-0.9.0.M2.jar;G:\repo\caches\modules-2\files-2.1\org.codehaus.plexus\plexus-classworlds\2.5.1\98fea8e8c3fb0e8670a69ad6ea445872c9972910\plexus-classworlds-2.5.1.jar;G:\repo\caches\modules-2\files-2.1\org.codehaus.plexus\plexus-component-annotations\1.5.5\c72f2660d0cbed24246ddb55d7fdc4f7374d2078\plexus-component-annotations-1.5.5.jar;G:\repo\caches\modules-2\files-2.1\javax.enterprise\cdi-api\1.0\44c453f60909dfc223552ace63e05c694215156b\cdi-api-1.0.jar;G:\repo\caches\modules-2\files-2.1\org.sonatype.sisu\sisu-guice\3.1.0\97c87d15d749c86b2be1b9809b28321a1d926c7f\sisu-guice-3.1.0-no_aop.jar;G:\repo\caches\modules-2\files-2.1\org.eclipse.sisu\org.eclipse.sisu.inject\0.0.0.M5\4f6bda3f528c60a12e70db2e7a3feee539dcc8cd\org.eclipse.sisu.inject-0.0.0.M5.jar;G:\repo\caches\modules-2\files-2.1\org.sonatype.plexus\plexus-cipher\1.4\50ade46f23bb38cd984b4ec560c46223432aac38\plexus-cipher-1.4.jar;G:\repo\caches\modules-2\files-2.1\javax.annotation\jsr250-api\1.0\5025422767732a1ab45d93abfea846513d742dcf\jsr250-api-1.0.jar;G:\repo\caches\modules-2\files-2.1\javax.inject\javax.inject\1\6975da39a7040257bd51d21a231b76c915872d38\javax.inject-1.jar;G:\repo\caches\modules-2\files-2.1\aopalliance\aopalliance\1.0\235ba8b489512805ac13a8f9ea77a1ca5ebe3e8\aopalliance-1.0.jar;G:\repo\caches\modules-2\files-2.1\org.apache.xbean\xbean-reflect\3.4\26fd55dceb037f4789b399b22874d74f4d2db66f\xbean-reflect-3.4.jar;G:\repo\caches\modules-2\files-2.1\com.google.collections\google-collections\1.0\9ffe71ac6dcab6bc03ea13f5c2e7b2804e69b357\google-collections-1.0.jar;G:\repo\caches\modules-2\files-2.1\log4j\log4j\1.2.12\57b8740427ee6d7b0b60792751356cad17dc0d9\log4j-1.2.12.jar;G:\repo\caches\modules-2\files-2.1\commons-logging\commons-logging-api\1.1\7d4cf5231d46c8524f9b9ed75bb2d1c69ab93322\commons-logging-api-1.1.jar, user.name=ELN, java.vm.specification.version=1.8, sun.java.command=worker.org.gradle.process.internal.worker.GradleWorkerMain 'Gradle Test Executor 1', java.home=D:\ProgramFiles\java\jdk8\jre, sun.arch.data.model=64, user.language=en, java.specification.vendor=Oracle Corporation, awt.toolkit=sun.awt.windows.WToolkit, java.vm.info=mixed mode, java.version=1.8.0_121, java.ext.dirs=D:\ProgramFiles\java\jdk8\jre\lib\ext;C:\Windows\Sun\Java\lib\ext, sun.boot.class.path=D:\ProgramFiles\java\jdk8\jre\lib\resources.jar;D:\ProgramFiles\java\jdk8\jre\lib\rt.jar;D:\ProgramFiles\java\jdk8\jre\lib\sunrsasign.jar;D:\ProgramFiles\java\jdk8\jre\lib\jsse.jar;D:\ProgramFiles\java\jdk8\jre\lib\jce.jar;D:\ProgramFiles\java\jdk8\jre\lib\charsets.jar;D:\ProgramFiles\java\jdk8\jre\lib\jfr.jar;D:\ProgramFiles\java\jdk8\jre\classes, java.vendor=Oracle Corporation, org.gradle.test.worker=1, file.separator=\, java.vendor.url.bug=http://bugreport.sun.com/bugreport/, sun.io.unicode.encoding=UnicodeLittle, sun.cpu.endian=little, sun.desktop=windows, sun.cpu.isalist=amd64}}, SystemEnvironmentPropertySource@1815456602 {name='systemEnvironment', properties={PROCESSOR_LEVEL=6, FP_NO_HOST_CHECK=NO, SESSIONNAME=Console, ALLUSERSPROFILE=C:\ProgramData, PROCESSOR_ARCHITECTURE=AMD64, PSModulePath=C:\Windows\system32\WindowsPowerShell\v1.0\Modules\, SystemDrive=C:, DIRNAME=D:\ProgramFiles\Gradle\gradle-4.0\bin\, USERNAME=ELN, CARGO_HOME=F:\cargo\cache, CMD_LINE_ARGS=clean build, ProgramFiles(x86)=C:\Program Files (x86), APP_HOME=D:\ProgramFiles\Gradle\gradle-4.0\bin\.., PATHEXT=.COM;.EXE;.BAT;.CMD;.VBS;.VBE;.JS;.JSE;.WSF;.WSH;.MSC, ProgramData=C:\ProgramData, =F:=F:\Workspace\gradle-workspace\weight-analyzer, ProgramW6432=C:\Program Files, HOMEPATH=\Users\ELN, PROCESSOR_IDENTIFIER=Intel64 Family 6 Model 42 Stepping 7, GenuineIntel, ProgramFiles=C:\Program Files, PUBLIC=C:\Users\Public, EMC_AUTOPLAY=c:\Program Files (x86)\Common Files\Roxio Shared\OEM\, windir=C:\Windows, =::=::\, _SKIP=2, LOCALAPPDATA=C:\Users\ELN\AppData\Local, USERDOMAIN=LAKSHMI-PC, LOGONSERVER=\\LAKSHMI-PC, JAVA_HOME=D:\ProgramFiles\java\jdk8, PROMPT=$P$G, asl.log=Destination=file, APPDATA=C:\Users\ELN\AppData\Roaming, GRADLE_USER_HOME=G:\repo, JAVA_EXE=D:\ProgramFiles\java\jdk8/bin/java.exe, windows_tracing_logfile=C:\BVTBin\Tests\installpackage\csilogfile.log, VBOX_MSI_INSTALL_PATH=C:\Program Files\Oracle\VirtualBox\, CommonProgramFiles=C:\Program Files\Common Files, Path=C:\ProgramData\Oracle\Java\javapath;C:\Program Files\Common Files\Microsoft Shared\Windows Live;C:\Program Files (x86)\Common Files\Microsoft Shared\Windows Live;C:\Windows\system32;C:\Windows;C:\Windows\System32\Wbem;C:\Windows\System32\WindowsPowerShell\v1.0\;C:\Program Files\Intel\WiFi\bin\;C:\Program Files\Common Files\Intel\WirelessCommon\;c:\Program Files (x86)\Common Files\Roxio Shared\DLLShared\;c:\Program Files (x86)\Common Files\Roxio Shared\OEM\DLLShared\;c:\Program Files (x86)\Common Files\Roxio Shared\OEM\DLLShared\;c:\Program Files (x86)\Common Files\Roxio Shared\OEM\12.0\DLLShared\;c:\Program Files (x86)\Roxio\OEM\AudioCore\;C:\Program Files (x86)\Windows Live\Shared;D:\ProgramFiles\servers\nodejs;D:\ProgramFiles\Gradle\gradle-4.0\bin;D:\ProgramFiles\java\jdk8\bin;D:\ProgramFiles\maven\apache-maven-3.5.0-bin\bin;C:\Program Files (x86)\Skype\Phone\;D:\ProgramFiles\minishift1.5\minishift-1.5.0-windows-amd64;C:\Program Files\PuTTY\;C:\Program Files\Git\cmd;C:\Users\ELN\AppData\Roaming\npm, OS=Windows_NT, MINISHIFT_HOME=G:\minishiftHome, windows_tracing_flags=3, COMPUTERNAME=LAKSHMI-PC, PROCESSOR_REVISION=2a07, BURN_AUTOPLAY=c:\Program Files (x86)\Roxio\OEM\Roxio Burn\, CLASSPATH=D:\ProgramFiles\Gradle\gradle-4.0\bin\..\lib\gradle-launcher-4.0.jar, CommonProgramW6432=C:\Program Files\Common Files, ComSpec=C:\Windows\system32\cmd.exe, APP_BASE_NAME=gradle, SystemRoot=C:\Windows, TEMP=C:\Users\ELN\AppData\Local\Temp, HOMEDRIVE=C:, USERPROFILE=C:\Users\ELN, TMP=C:\Users\ELN\AppData\Local\Temp, RCAUTOPLAY=c:\Program Files (x86)\Roxio\OEM\Roxio Central 5\, CommonProgramFiles(x86)=C:\Program Files (x86)\Common Files, NUMBER_OF_PROCESSORS=8}}]
03:40:10.879 [Test worker] DEBUG org.springframework.test.context.support.AnnotationConfigContextLoader - Registering annotated classes: {class com.egen.weightanalyzer.repository.DBApplication}
03:40:11.403 [Test worker] INFO org.springframework.context.support.GenericApplicationContext - Refreshing org.springframework.context.support.GenericApplicationContext@6e3f1789: startup date [Mon Oct 16 03:40:11 CDT 2017]; root of context hierarchy
03:40:11.405 [Test worker] DEBUG org.springframework.context.support.GenericApplicationContext - Bean factory for org.springframework.context.support.GenericApplicationContext@6e3f1789: org.springframework.beans.factory.support.DefaultListableBeanFactory@3dc48455: defining beans [org.springframework.context.annotation.internalConfigurationAnnotationProcessor,org.springframework.context.annotation.internalAutowiredAnnotationProcessor,org.springframework.context.annotation.internalRequiredAnnotationProcessor,org.springframework.context.annotation.internalCommonAnnotationProcessor,org.springframework.context.event.internalEventListenerProcessor,org.springframework.context.event.internalEventListenerFactory,DBApplication,org.springframework.boot.test.mock.mockito.MockitoPostProcessor$SpyPostProcessor,org.springframework.boot.test.mock.mockito.MockitoPostProcessor]; root of factory hierarchy
03:40:11.516 [Test worker] DEBUG org.springframework.beans.factory.support.DefaultListableBeanFactory - Creating shared instance of singleton bean 'org.springframework.context.annotation.internalConfigurationAnnotationProcessor'
03:40:11.518 [Test worker] DEBUG org.springframework.beans.factory.support.DefaultListableBeanFactory - Creating instance of bean 'org.springframework.context.annotation.internalConfigurationAnnotationProcessor'
03:40:11.624 [Test worker] DEBUG org.springframework.beans.factory.support.DefaultListableBeanFactory - Eagerly caching bean 'org.springframework.context.annotation.internalConfigurationAnnotationProcessor' to allow for resolving potential circular references
03:40:11.638 [Test worker] DEBUG org.springframework.beans.factory.support.DefaultListableBeanFactory - Finished creating instance of bean 'org.springframework.context.annotation.internalConfigurationAnnotationProcessor'
03:40:11.771 [Test worker] DEBUG org.springframework.context.annotation.ClassPathBeanDefinitionScanner - JSR-330 'javax.inject.Named' annotation found and supported for component scanning
03:40:11.789 [Test worker] DEBUG org.springframework.core.io.support.PathMatchingResourcePatternResolver - Resolved classpath location [com/egen/weightanalyzer/repository/] to resources [URL [file:/F:/Workspace/gradle-workspace/weight-analyzer/db-mediator/build/classes/java/main/com/egen/weightanalyzer/repository/]]
03:40:11.791 [Test worker] DEBUG org.springframework.core.io.support.PathMatchingResourcePatternResolver - Looking for matching resources in directory tree [F:\Workspace\gradle-workspace\weight-analyzer\db-mediator\build\classes\java\main\com\egen\weightanalyzer\repository]
03:40:11.792 [Test worker] DEBUG org.springframework.core.io.support.PathMatchingResourcePatternResolver - Searching directory [F:\Workspace\gradle-workspace\weight-analyzer\db-mediator\build\classes\java\main\com\egen\weightanalyzer\repository] for files matching pattern [F:/Workspace/gradle-workspace/weight-analyzer/db-mediator/build/classes/java/main/com/egen/weightanalyzer/repository/**/*.class]
03:40:11.803 [Test worker] DEBUG org.springframework.core.io.support.PathMatchingResourcePatternResolver - Searching directory [F:\Workspace\gradle-workspace\weight-analyzer\db-mediator\build\classes\java\main\com\egen\weightanalyzer\repository\connection] for files matching pattern [F:/Workspace/gradle-workspace/weight-analyzer/db-mediator/build/classes/java/main/com/egen/weightanalyzer/repository/**/*.class]
03:40:11.808 [Test worker] DEBUG org.springframework.core.io.support.PathMatchingResourcePatternResolver - Searching directory [F:\Workspace\gradle-workspace\weight-analyzer\db-mediator\build\classes\java\main\com\egen\weightanalyzer\repository\dataobjects] for files matching pattern [F:/Workspace/gradle-workspace/weight-analyzer/db-mediator/build/classes/java/main/com/egen/weightanalyzer/repository/**/*.class]
03:40:11.814 [Test worker] DEBUG org.springframework.core.io.support.PathMatchingResourcePatternResolver - Searching directory [F:\Workspace\gradle-workspace\weight-analyzer\db-mediator\build\classes\java\main\com\egen\weightanalyzer\repository\entities] for files matching pattern [F:/Workspace/gradle-workspace/weight-analyzer/db-mediator/build/classes/java/main/com/egen/weightanalyzer/repository/**/*.class]
03:40:11.820 [Test worker] DEBUG org.springframework.core.io.support.PathMatchingResourcePatternResolver - Searching directory [F:\Workspace\gradle-workspace\weight-analyzer\db-mediator\build\classes\java\main\com\egen\weightanalyzer\repository\impl] for files matching pattern [F:/Workspace/gradle-workspace/weight-analyzer/db-mediator/build/classes/java/main/com/egen/weightanalyzer/repository/**/*.class]
03:40:11.842 [Test worker] DEBUG org.springframework.core.io.support.PathMatchingResourcePatternResolver - Searching directory [F:\Workspace\gradle-workspace\weight-analyzer\db-mediator\build\classes\java\main\com\egen\weightanalyzer\repository\mappers] for files matching pattern [F:/Workspace/gradle-workspace/weight-analyzer/db-mediator/build/classes/java/main/com/egen/weightanalyzer/repository/**/*.class]
03:40:11.853 [Test worker] DEBUG org.springframework.core.io.support.PathMatchingResourcePatternResolver - Resolved location pattern [classpath*:com/egen/weightanalyzer/repository/**/*.class] to resources [file [F:\Workspace\gradle-workspace\weight-analyzer\db-mediator\build\classes\java\main\com\egen\weightanalyzer\repository\connection\MetricDataSource.class], file [F:\Workspace\gradle-workspace\weight-analyzer\db-mediator\build\classes\java\main\com\egen\weightanalyzer\repository\dataobjects\AlertDO.class], file [F:\Workspace\gradle-workspace\weight-analyzer\db-mediator\build\classes\java\main\com\egen\weightanalyzer\repository\dataobjects\MetricDO.class], file [F:\Workspace\gradle-workspace\weight-analyzer\db-mediator\build\classes\java\main\com\egen\weightanalyzer\repository\DBApplication.class], file [F:\Workspace\gradle-workspace\weight-analyzer\db-mediator\build\classes\java\main\com\egen\weightanalyzer\repository\entities\AlertEntity.class], file [F:\Workspace\gradle-workspace\weight-analyzer\db-mediator\build\classes\java\main\com\egen\weightanalyzer\repository\entities\MetricEntity.class], file [F:\Workspace\gradle-workspace\weight-analyzer\db-mediator\build\classes\java\main\com\egen\weightanalyzer\repository\IAlertRepository.class], file [F:\Workspace\gradle-workspace\weight-analyzer\db-mediator\build\classes\java\main\com\egen\weightanalyzer\repository\IMetricRepository.class], file [F:\Workspace\gradle-workspace\weight-analyzer\db-mediator\build\classes\java\main\com\egen\weightanalyzer\repository\impl\AlertRepository.class], file [F:\Workspace\gradle-workspace\weight-analyzer\db-mediator\build\classes\java\main\com\egen\weightanalyzer\repository\impl\MetricRepository.class], file [F:\Workspace\gradle-workspace\weight-analyzer\db-mediator\build\classes\java\main\com\egen\weightanalyzer\repository\mappers\AlertEntityMapper.class], file [F:\Workspace\gradle-workspace\weight-analyzer\db-mediator\build\classes\java\main\com\egen\weightanalyzer\repository\mappers\MetricEntityMapper.class]]
03:40:11.941 [Test worker] DEBUG org.springframework.context.annotation.ClassPathBeanDefinitionScanner - Identified candidate component class: file [F:\Workspace\gradle-workspace\weight-analyzer\db-mediator\build\classes\java\main\com\egen\weightanalyzer\repository\connection\MetricDataSource.class]
03:40:11.982 [Test worker] DEBUG org.springframework.context.annotation.ClassPathBeanDefinitionScanner - Identified candidate component class: file [F:\Workspace\gradle-workspace\weight-analyzer\db-mediator\build\classes\java\main\com\egen\weightanalyzer\repository\entities\AlertEntity.class]
03:40:11.987 [Test worker] DEBUG org.springframework.context.annotation.ClassPathBeanDefinitionScanner - Identified candidate component class: file [F:\Workspace\gradle-workspace\weight-analyzer\db-mediator\build\classes\java\main\com\egen\weightanalyzer\repository\entities\MetricEntity.class]
03:40:11.996 [Test worker] DEBUG org.springframework.context.annotation.ClassPathBeanDefinitionScanner - Identified candidate component class: file [F:\Workspace\gradle-workspace\weight-analyzer\db-mediator\build\classes\java\main\com\egen\weightanalyzer\repository\impl\AlertRepository.class]
03:40:12.000 [Test worker] DEBUG org.springframework.context.annotation.ClassPathBeanDefinitionScanner - Identified candidate component class: file [F:\Workspace\gradle-workspace\weight-analyzer\db-mediator\build\classes\java\main\com\egen\weightanalyzer\repository\impl\MetricRepository.class]
03:40:12.105 [Test worker] DEBUG org.springframework.core.env.PropertySourcesPropertyResolver - Could not find key 'spring.boot.enableautoconfiguration' in any property source
03:40:12.645 [Test worker] DEBUG org.springframework.beans.factory.support.DefaultListableBeanFactory - Returning cached instance of singleton bean 'autoConfigurationReport'
03:40:12.842 [Test worker] DEBUG org.springframework.core.env.PropertySourcesPropertyResolver - Could not find key 'spring.messages.basename' in any property source
03:40:12.844 [Test worker] DEBUG org.springframework.core.io.support.PathMatchingResourcePatternResolver - Resolved classpath location [messages.properties] to resources []
03:40:12.845 [Test worker] DEBUG org.springframework.beans.factory.support.DefaultListableBeanFactory - Returning cached instance of singleton bean 'autoConfigurationReport'
03:40:12.870 [Test worker] DEBUG org.springframework.beans.factory.support.DefaultListableBeanFactory - Returning cached instance of singleton bean 'autoConfigurationReport'
03:40:12.886 [Test worker] DEBUG org.springframework.beans.factory.support.DefaultListableBeanFactory - Returning cached instance of singleton bean 'autoConfigurationReport'
03:40:12.958 [Test worker] DEBUG org.springframework.beans.factory.support.DefaultListableBeanFactory - Returning cached instance of singleton bean 'autoConfigurationReport'
03:40:12.978 [Test worker] DEBUG org.springframework.beans.factory.support.DefaultListableBeanFactory - Returning cached instance of singleton bean 'autoConfigurationReport'
03:40:12.980 [Test worker] DEBUG org.springframework.beans.factory.support.DefaultListableBeanFactory - Returning cached instance of singleton bean 'autoConfigurationReport'
03:40:13.004 [Test worker] DEBUG org.springframework.beans.factory.support.DefaultListableBeanFactory - Returning cached instance of singleton bean 'autoConfigurationReport'
03:40:13.238 [Test worker] DEBUG org.springframework.beans.factory.support.DefaultListableBeanFactory - Returning cached instance of singleton bean 'autoConfigurationReport'
03:40:13.253 [Test worker] DEBUG org.springframework.beans.factory.support.DefaultListableBeanFactory - Returning cached instance of singleton bean 'autoConfigurationReport'
03:40:13.261 [Test worker] DEBUG org.springframework.beans.factory.support.DefaultListableBeanFactory - Returning cached instance of singleton bean 'autoConfigurationReport'
03:40:13.265 [Test worker] DEBUG org.springframework.beans.factory.support.DefaultListableBeanFactory - Returning cached instance of singleton bean 'autoConfigurationReport'
03:40:13.268 [Test worker] DEBUG org.springframework.beans.factory.support.DefaultListableBeanFactory - Returning cached instance of singleton bean 'autoConfigurationReport'
03:40:13.276 [Test worker] DEBUG org.springframework.beans.factory.support.DefaultListableBeanFactory - Returning cached instance of singleton bean 'autoConfigurationReport'
03:40:13.279 [Test worker] DEBUG org.springframework.beans.factory.support.DefaultListableBeanFactory - Returning cached instance of singleton bean 'autoConfigurationReport'
03:40:13.288 [Test worker] DEBUG org.springframework.beans.factory.support.DefaultListableBeanFactory - Returning cached instance of singleton bean 'autoConfigurationReport'
03:40:13.300 [Test worker] DEBUG org.springframework.beans.factory.support.DefaultListableBeanFactory - Returning cached instance of singleton bean 'autoConfigurationReport'
03:40:13.306 [Test worker] DEBUG org.springframework.beans.factory.support.DefaultListableBeanFactory - Returning cached instance of singleton bean 'autoConfigurationReport'
03:40:13.314 [Test worker] DEBUG org.springframework.beans.factory.support.DefaultListableBeanFactory - Returning cached instance of singleton bean 'autoConfigurationReport'
03:40:13.329 [Test worker] DEBUG org.springframework.beans.factory.support.DefaultListableBeanFactory - Returning cached instance of singleton bean 'autoConfigurationReport'
03:40:13.344 [Test worker] DEBUG org.springframework.beans.factory.support.DefaultListableBeanFactory - Returning cached instance of singleton bean 'autoConfigurationReport'
03:40:13.366 [Test worker] DEBUG org.springframework.beans.factory.support.DefaultListableBeanFactory - Returning cached instance of singleton bean 'autoConfigurationReport'
03:40:13.369 [Test worker] DEBUG org.springframework.beans.factory.support.DefaultListableBeanFactory - Returning cached instance of singleton bean 'autoConfigurationReport'
03:40:13.378 [Test worker] DEBUG org.springframework.beans.factory.support.DefaultListableBeanFactory - Returning cached instance of singleton bean 'autoConfigurationReport'
03:40:13.400 [Test worker] DEBUG org.springframework.context.annotation.ConfigurationClassBeanDefinitionReader - Registered bean definition for imported class 'org.springframework.boot.autoconfigure.context.PropertyPlaceholderAutoConfiguration'
03:40:13.419 [Test worker] DEBUG org.springframework.beans.factory.support.DefaultListableBeanFactory - Creating shared instance of singleton bean 'org.springframework.boot.autoconfigure.condition.BeanTypeRegistry'
03:40:13.420 [Test worker] DEBUG org.springframework.beans.factory.support.DefaultListableBeanFactory - Creating instance of bean 'org.springframework.boot.autoconfigure.condition.BeanTypeRegistry'
03:40:13.506 [Test worker] DEBUG org.springframework.beans.factory.support.DefaultListableBeanFactory - Eagerly caching bean 'org.springframework.boot.autoconfigure.condition.BeanTypeRegistry' to allow for resolving potential circular references
03:40:13.506 [Test worker] DEBUG org.springframework.beans.factory.support.DefaultListableBeanFactory - Finished creating instance of bean 'org.springframework.boot.autoconfigure.condition.BeanTypeRegistry'
03:40:13.578 [Test worker] DEBUG org.springframework.beans.factory.support.DefaultListableBeanFactory - Returning cached instance of singleton bean 'autoConfigurationReport'
03:40:13.587 [Test worker] DEBUG org.springframework.context.annotation.ConfigurationClassBeanDefinitionReader - Registering bean definition for @Bean method org.springframework.boot.autoconfigure.context.PropertyPlaceholderAutoConfiguration.propertySourcesPlaceholderConfigurer()
03:40:13.589 [Test worker] DEBUG org.springframework.beans.factory.support.DefaultListableBeanFactory - Returning cached instance of singleton bean 'autoConfigurationReport'
03:40:13.592 [Test worker] DEBUG org.springframework.beans.factory.support.DefaultListableBeanFactory - Returning cached instance of singleton bean 'autoConfigurationReport'
03:40:13.593 [Test worker] DEBUG org.springframework.context.annotation.ConfigurationClassBeanDefinitionReader - Registered bean definition for imported class 'org.springframework.boot.autoconfigure.jmx.JmxAutoConfiguration'
03:40:13.594 [Test worker] DEBUG org.springframework.beans.factory.support.DefaultListableBeanFactory - Returning cached instance of singleton bean 'org.springframework.boot.autoconfigure.condition.BeanTypeRegistry'
03:40:13.602 [Test worker] DEBUG org.springframework.beans.factory.support.DefaultListableBeanFactory - Returning cached instance of singleton bean 'autoConfigurationReport'
03:40:13.603 [Test worker] DEBUG org.springframework.context.annotation.ConfigurationClassBeanDefinitionReader - Registering bean definition for @Bean method org.springframework.boot.autoconfigure.jmx.JmxAutoConfiguration.mbeanExporter()
03:40:13.606 [Test worker] DEBUG org.springframework.beans.factory.support.DefaultListableBeanFactory - Returning cached instance of singleton bean 'org.springframework.boot.autoconfigure.condition.BeanTypeRegistry'
03:40:13.619 [Test worker] DEBUG org.springframework.beans.factory.support.DefaultListableBeanFactory - Returning cached instance of singleton bean 'autoConfigurationReport'
03:40:13.620 [Test worker] DEBUG org.springframework.context.annotation.ConfigurationClassBeanDefinitionReader - Registering bean definition for @Bean method org.springframework.boot.autoconfigure.jmx.JmxAutoConfiguration.objectNamingStrategy()
03:40:13.621 [Test worker] DEBUG org.springframework.beans.factory.support.DefaultListableBeanFactory - Returning cached instance of singleton bean 'org.springframework.boot.autoconfigure.condition.BeanTypeRegistry'
03:40:13.623 [Test worker] DEBUG org.springframework.beans.factory.support.DefaultListableBeanFactory - Returning cached instance of singleton bean 'autoConfigurationReport'
03:40:13.624 [Test worker] DEBUG org.springframework.context.annotation.ConfigurationClassBeanDefinitionReader - Registering bean definition for @Bean method org.springframework.boot.autoconfigure.jmx.JmxAutoConfiguration.mbeanServer()
03:40:13.628 [Test worker] DEBUG org.springframework.beans.factory.support.DefaultListableBeanFactory - Returning cached instance of singleton bean 'autoConfigurationReport'
03:40:13.637 [Test worker] DEBUG org.springframework.beans.factory.support.DefaultListableBeanFactory - Returning cached instance of singleton bean 'org.springframework.boot.autoconfigure.condition.BeanTypeRegistry'
03:40:13.639 [Test worker] DEBUG org.springframework.beans.factory.support.DefaultListableBeanFactory - Returning cached instance of singleton bean 'autoConfigurationReport'
03:40:13.641 [Test worker] DEBUG org.springframework.context.annotation.ConfigurationClassBeanDefinitionReader - Registered bean definition for imported class 'org.springframework.boot.autoconfigure.context.ConfigurationPropertiesAutoConfiguration'
03:40:13.652 [Test worker] DEBUG org.springframework.beans.factory.support.DefaultListableBeanFactory - Returning cached instance of singleton bean 'autoConfigurationReport'
03:40:13.655 [Test worker] DEBUG org.springframework.beans.factory.support.DefaultListableBeanFactory - Returning cached instance of singleton bean 'autoConfigurationReport'
03:40:13.659 [Test worker] DEBUG org.springframework.context.annotation.ConfigurationClassBeanDefinitionReader - Registered bean definition for imported class 'org.springframework.boot.autoconfigure.mongo.MongoAutoConfiguration'
03:40:13.660 [Test worker] DEBUG org.springframework.beans.factory.support.DefaultListableBeanFactory - Returning cached instance of singleton bean 'org.springframework.boot.autoconfigure.condition.BeanTypeRegistry'
03:40:13.665 [Test worker] DEBUG org.springframework.beans.factory.support.DefaultListableBeanFactory - Returning cached instance of singleton bean 'autoConfigurationReport'
03:40:13.667 [Test worker] DEBUG org.springframework.context.annotation.ConfigurationClassBeanDefinitionReader - Registering bean definition for @Bean method org.springframework.boot.autoconfigure.mongo.MongoAutoConfiguration.mongo()
03:40:13.686 [Test worker] DEBUG org.springframework.beans.factory.support.DefaultListableBeanFactory - Returning cached instance of singleton bean 'autoConfigurationReport'
03:40:13.688 [Test worker] DEBUG org.springframework.context.annotation.ConfigurationClassBeanDefinitionReader - Registered bean definition for imported class 'org.springframework.boot.autoconfigure.gson.GsonAutoConfiguration'
03:40:13.689 [Test worker] DEBUG org.springframework.beans.factory.support.DefaultListableBeanFactory - Returning cached instance of singleton bean 'org.springframework.boot.autoconfigure.condition.BeanTypeRegistry'
03:40:13.695 [Test worker] DEBUG org.springframework.beans.factory.support.DefaultListableBeanFactory - Returning cached instance of singleton bean 'autoConfigurationReport'
03:40:13.696 [Test worker] DEBUG org.springframework.context.annotation.ConfigurationClassBeanDefinitionReader - Registering bean definition for @Bean method org.springframework.boot.autoconfigure.gson.GsonAutoConfiguration.gson()
03:40:13.697 [Test worker] DEBUG org.springframework.context.annotation.ConfigurationClassBeanDefinitionReader - Registered bean definition for imported class 'org.springframework.boot.autoconfigure.info.ProjectInfoAutoConfiguration'
03:40:13.706 [Test worker] DEBUG org.springframework.beans.factory.support.DefaultListableBeanFactory - Returning cached instance of singleton bean 'autoConfigurationReport'
03:40:13.710 [Test worker] DEBUG org.springframework.core.env.PropertySourcesPropertyResolver - Could not find key 'spring.info.build.location:classpath:META-INF/build-info.properties' in any property source
03:40:13.710 [Test worker] DEBUG org.springframework.core.env.PropertySourcesPropertyResolver - Could not find key 'spring.info.build.location' in any property source
03:40:13.712 [Test worker] DEBUG org.springframework.beans.factory.support.DefaultListableBeanFactory - Returning cached instance of singleton bean 'autoConfigurationReport'
03:40:13.716 [Test worker] DEBUG org.springframework.context.annotation.ConfigurationClassBeanDefinitionReader - Registered bean definition for imported class 'org.springframework.boot.autoconfigure.web.WebClientAutoConfiguration'
03:40:14.227 [Test worker] DEBUG org.springframework.context.annotation.ConfigurationClassEnhancer - Successfully enhanced org.springframework.boot.autoconfigure.context.PropertyPlaceholderAutoConfiguration; enhanced class name is: org.springframework.boot.autoconfigure.context.PropertyPlaceholderAutoConfiguration$$EnhancerBySpringCGLIB$$c8a3253a
03:40:14.241 [Test worker] DEBUG org.springframework.context.annotation.ConfigurationClassPostProcessor - Replacing bean definition 'org.springframework.boot.autoconfigure.context.PropertyPlaceholderAutoConfiguration' existing class 'org.springframework.boot.autoconfigure.context.PropertyPlaceholderAutoConfiguration' with enhanced class 'org.springframework.boot.autoconfigure.context.PropertyPlaceholderAutoConfiguration$$EnhancerBySpringCGLIB$$c8a3253a'
03:40:14.284 [Test worker] DEBUG org.springframework.context.annotation.ConfigurationClassEnhancer - Successfully enhanced org.springframework.boot.autoconfigure.jmx.JmxAutoConfiguration; enhanced class name is: org.springframework.boot.autoconfigure.jmx.JmxAutoConfiguration$$EnhancerBySpringCGLIB$$4758221d
03:40:14.285 [Test worker] DEBUG org.springframework.context.annotation.ConfigurationClassPostProcessor - Replacing bean definition 'org.springframework.boot.autoconfigure.jmx.JmxAutoConfiguration' existing class 'org.springframework.boot.autoconfigure.jmx.JmxAutoConfiguration' with enhanced class 'org.springframework.boot.autoconfigure.jmx.JmxAutoConfiguration$$EnhancerBySpringCGLIB$$4758221d'
03:40:14.298 [Test worker] DEBUG org.springframework.context.annotation.ConfigurationClassEnhancer - Successfully enhanced org.springframework.boot.autoconfigure.context.ConfigurationPropertiesAutoConfiguration; enhanced class name is: org.springframework.boot.autoconfigure.context.ConfigurationPropertiesAutoConfiguration$$EnhancerBySpringCGLIB$$b7763e4f
03:40:14.299 [Test worker] DEBUG org.springframework.context.annotation.ConfigurationClassPostProcessor - Replacing bean definition 'org.springframework.boot.autoconfigure.context.ConfigurationPropertiesAutoConfiguration' existing class 'org.springframework.boot.autoconfigure.context.ConfigurationPropertiesAutoConfiguration' with enhanced class 'org.springframework.boot.autoconfigure.context.ConfigurationPropertiesAutoConfiguration$$EnhancerBySpringCGLIB$$b7763e4f'
03:40:14.321 [Test worker] DEBUG org.springframework.context.annotation.ConfigurationClassEnhancer - Successfully enhanced org.springframework.boot.autoconfigure.mongo.MongoAutoConfiguration; enhanced class name is: org.springframework.boot.autoconfigure.mongo.MongoAutoConfiguration$$EnhancerBySpringCGLIB$$1f99d45f
03:40:14.323 [Test worker] DEBUG org.springframework.context.annotation.ConfigurationClassPostProcessor - Replacing bean definition 'org.springframework.boot.autoconfigure.mongo.MongoAutoConfiguration' existing class 'org.springframework.boot.autoconfigure.mongo.MongoAutoConfiguration' with enhanced class 'org.springframework.boot.autoconfigure.mongo.MongoAutoConfiguration$$EnhancerBySpringCGLIB$$1f99d45f'
03:40:14.337 [Test worker] DEBUG org.springframework.context.annotation.ConfigurationClassEnhancer - Successfully enhanced org.springframework.boot.autoconfigure.gson.GsonAutoConfiguration; enhanced class name is: org.springframework.boot.autoconfigure.gson.GsonAutoConfiguration$$EnhancerBySpringCGLIB$$6a7c68b
03:40:14.338 [Test worker] DEBUG org.springframework.context.annotation.ConfigurationClassPostProcessor - Replacing bean definition 'org.springframework.boot.autoconfigure.gson.GsonAutoConfiguration' existing class 'org.springframework.boot.autoconfigure.gson.GsonAutoConfiguration' with enhanced class 'org.springframework.boot.autoconfigure.gson.GsonAutoConfiguration$$EnhancerBySpringCGLIB$$6a7c68b'
03:40:14.367 [Test worker] DEBUG org.springframework.context.annotation.ConfigurationClassEnhancer - Successfully enhanced org.springframework.boot.autoconfigure.info.ProjectInfoAutoConfiguration; enhanced class name is: org.springframework.boot.autoconfigure.info.ProjectInfoAutoConfiguration$$EnhancerBySpringCGLIB$$3e6c01a
03:40:14.368 [Test worker] DEBUG org.springframework.context.annotation.ConfigurationClassPostProcessor - Replacing bean definition 'org.springframework.boot.autoconfigure.info.ProjectInfoAutoConfiguration' existing class 'org.springframework.boot.autoconfigure.info.ProjectInfoAutoConfiguration' with enhanced class 'org.springframework.boot.autoconfigure.info.ProjectInfoAutoConfiguration$$EnhancerBySpringCGLIB$$3e6c01a'
03:40:14.379 [Test worker] DEBUG org.springframework.context.annotation.ConfigurationClassEnhancer - Successfully enhanced org.springframework.boot.autoconfigure.web.WebClientAutoConfiguration; enhanced class name is: org.springframework.boot.autoconfigure.web.WebClientAutoConfiguration$$EnhancerBySpringCGLIB$$d88bd7b4
03:40:14.380 [Test worker] DEBUG org.springframework.context.annotation.ConfigurationClassPostProcessor - Replacing bean definition 'org.springframework.boot.autoconfigure.web.WebClientAutoConfiguration' existing class 'org.springframework.boot.autoconfigure.web.WebClientAutoConfiguration' with enhanced class 'org.springframework.boot.autoconfigure.web.WebClientAutoConfiguration$$EnhancerBySpringCGLIB$$d88bd7b4'
03:40:14.387 [Test worker] DEBUG org.springframework.beans.factory.support.DefaultListableBeanFactory - Creating shared instance of singleton bean 'propertySourcesPlaceholderConfigurer'
03:40:14.388 [Test worker] DEBUG org.springframework.beans.factory.support.DefaultListableBeanFactory - Creating instance of bean 'propertySourcesPlaceholderConfigurer'
03:40:14.400 [Test worker] DEBUG org.springframework.beans.factory.support.DefaultListableBeanFactory - Eagerly caching bean 'propertySourcesPlaceholderConfigurer' to allow for resolving potential circular references
03:40:14.546 [Test worker] DEBUG org.springframework.beans.factory.support.DefaultListableBeanFactory - Finished creating instance of bean 'propertySourcesPlaceholderConfigurer'
03:40:14.548 [Test worker] DEBUG org.springframework.core.env.MutablePropertySources - Adding PropertySource 'environmentProperties' with lowest search precedence
03:40:14.549 [Test worker] DEBUG org.springframework.core.env.MutablePropertySources - Adding PropertySource 'localProperties' with lowest search precedence
03:40:14.559 [Test worker] DEBUG org.springframework.beans.factory.support.DefaultListableBeanFactory - Creating shared instance of singleton bean 'org.springframework.boot.test.mock.mockito.MockitoPostProcessor'
03:40:14.560 [Test worker] DEBUG org.springframework.beans.factory.support.DefaultListableBeanFactory - Creating instance of bean 'org.springframework.boot.test.mock.mockito.MockitoPostProcessor'
03:40:14.603 [Test worker] DEBUG org.springframework.beans.factory.support.DefaultListableBeanFactory - Eagerly caching bean 'org.springframework.boot.test.mock.mockito.MockitoPostProcessor' to allow for resolving potential circular references
03:40:14.637 [Test worker] DEBUG org.springframework.beans.factory.support.DefaultListableBeanFactory - Finished creating instance of bean 'org.springframework.boot.test.mock.mockito.MockitoPostProcessor'
03:40:14.732 [Test worker] DEBUG org.springframework.beans.factory.support.DefaultListableBeanFactory - Creating shared instance of singleton bean 'org.springframework.boot.context.properties.ConfigurationPropertiesBindingPostProcessor.store'
03:40:14.732 [Test worker] DEBUG org.springframework.beans.factory.support.DefaultListableBeanFactory - Creating instance of bean 'org.springframework.boot.context.properties.ConfigurationPropertiesBindingPostProcessor.store'
03:40:14.733 [Test worker] DEBUG org.springframework.beans.factory.support.DefaultListableBeanFactory - Eagerly caching bean 'org.springframework.boot.context.properties.ConfigurationPropertiesBindingPostProcessor.store' to allow for resolving potential circular references
03:40:14.742 [Test worker] DEBUG org.springframework.beans.factory.support.DefaultListableBeanFactory - Finished creating instance of bean 'org.springframework.boot.context.properties.ConfigurationPropertiesBindingPostProcessor.store'
03:40:14.759 [Test worker] DEBUG org.springframework.beans.factory.support.DefaultListableBeanFactory - Creating shared instance of singleton bean 'org.springframework.context.annotation.internalAutowiredAnnotationProcessor'
03:40:14.760 [Test worker] DEBUG org.springframework.beans.factory.support.DefaultListableBeanFactory - Creating instance of bean 'org.springframework.context.annotation.internalAutowiredAnnotationProcessor'
03:40:14.762 [Test worker] INFO org.springframework.beans.factory.annotation.AutowiredAnnotationBeanPostProcessor - JSR-330 'javax.inject.Inject' annotation found and supported for autowiring
03:40:14.763 [Test worker] DEBUG org.springframework.beans.factory.support.DefaultListableBeanFactory - Eagerly caching bean 'org.springframework.context.annotation.internalAutowiredAnnotationProcessor' to allow for resolving potential circular references
03:40:14.785 [Test worker] DEBUG org.springframework.beans.factory.support.DefaultListableBeanFactory - Finished creating instance of bean 'org.springframework.context.annotation.internalAutowiredAnnotationProcessor'
03:40:14.786 [Test worker] DEBUG org.springframework.beans.factory.support.DefaultListableBeanFactory - Creating shared instance of singleton bean 'org.springframework.context.annotation.internalRequiredAnnotationProcessor'
03:40:14.787 [Test worker] DEBUG org.springframework.beans.factory.support.DefaultListableBeanFactory - Creating instance of bean 'org.springframework.context.annotation.internalRequiredAnnotationProcessor'
03:40:14.789 [Test worker] DEBUG org.springframework.beans.factory.support.DefaultListableBeanFactory - Eagerly caching bean 'org.springframework.context.annotation.internalRequiredAnnotationProcessor' to allow for resolving potential circular references
03:40:14.807 [Test worker] DEBUG org.springframework.beans.factory.support.DefaultListableBeanFactory - Finished creating instance of bean 'org.springframework.context.annotation.internalRequiredAnnotationProcessor'
03:40:14.808 [Test worker] DEBUG org.springframework.beans.factory.support.DefaultListableBeanFactory - Creating shared instance of singleton bean 'org.springframework.context.annotation.internalCommonAnnotationProcessor'
03:40:14.808 [Test worker] DEBUG org.springframework.beans.factory.support.DefaultListableBeanFactory - Creating instance of bean 'org.springframework.context.annotation.internalCommonAnnotationProcessor'
03:40:14.836 [Test worker] DEBUG org.springframework.beans.factory.support.DefaultListableBeanFactory - Eagerly caching bean 'org.springframework.context.annotation.internalCommonAnnotationProcessor' to allow for resolving potential circular references
03:40:14.877 [Test worker] DEBUG org.springframework.beans.factory.support.DefaultListableBeanFactory - Finished creating instance of bean 'org.springframework.context.annotation.internalCommonAnnotationProcessor'
03:40:14.879 [Test worker] DEBUG org.springframework.beans.factory.support.DefaultListableBeanFactory - Creating shared instance of singleton bean 'org.springframework.boot.test.mock.mockito.MockitoPostProcessor$SpyPostProcessor'
03:40:14.879 [Test worker] DEBUG org.springframework.beans.factory.support.DefaultListableBeanFactory - Creating instance of bean 'org.springframework.boot.test.mock.mockito.MockitoPostProcessor$SpyPostProcessor'
03:40:14.880 [Test worker] DEBUG org.springframework.beans.factory.support.DefaultListableBeanFactory - Returning cached instance of singleton bean 'org.springframework.boot.test.mock.mockito.MockitoPostProcessor'
03:40:14.884 [Test worker] DEBUG org.springframework.beans.factory.support.DefaultListableBeanFactory - Eagerly caching bean 'org.springframework.boot.test.mock.mockito.MockitoPostProcessor$SpyPostProcessor' to allow for resolving potential circular references
03:40:14.900 [Test worker] DEBUG org.springframework.beans.factory.support.DefaultListableBeanFactory - Finished creating instance of bean 'org.springframework.boot.test.mock.mockito.MockitoPostProcessor$SpyPostProcessor'
03:40:14.901 [Test worker] DEBUG org.springframework.beans.factory.support.DefaultListableBeanFactory - Creating shared instance of singleton bean 'org.springframework.boot.context.properties.ConfigurationPropertiesBindingPostProcessor'
03:40:14.901 [Test worker] DEBUG org.springframework.beans.factory.support.DefaultListableBeanFactory - Creating instance of bean 'org.springframework.boot.context.properties.ConfigurationPropertiesBindingPostProcessor'
03:40:14.903 [Test worker] DEBUG org.springframework.core.env.StandardEnvironment - Adding PropertySource 'systemProperties' with lowest search precedence
03:40:14.903 [Test worker] DEBUG org.springframework.core.env.StandardEnvironment - Adding PropertySource 'systemEnvironment' with lowest search precedence
03:40:14.904 [Test worker] DEBUG org.springframework.core.env.StandardEnvironment - Initialized StandardEnvironment with PropertySources [MapPropertySource@1389760745 {name='systemProperties', properties={java.runtime.name=Java(TM) SE Runtime Environment, sun.boot.library.path=D:\ProgramFiles\java\jdk8\jre\bin, java.vm.version=25.121-b13, java.vm.vendor=Oracle Corporation, java.vendor.url=http://java.oracle.com/, path.separator=;, java.vm.name=Java HotSpot(TM) 64-Bit Server VM, file.encoding.pkg=sun.io, user.script=, sun.java.launcher=SUN_STANDARD, user.country=US, sun.os.patch.level=Service Pack 1, java.vm.specification.name=Java Virtual Machine Specification, user.dir=F:\Workspace\gradle-workspace\weight-analyzer\db-mediator, java.runtime.version=1.8.0_121-b13, java.awt.graphicsenv=sun.awt.Win32GraphicsEnvironment, java.endorsed.dirs=D:\ProgramFiles\java\jdk8\jre\lib\endorsed, os.arch=amd64, java.io.tmpdir=C:\Users\ELN\AppData\Local\Temp\, line.separator=
, java.vm.specification.vendor=Oracle Corporation, user.variant=, os.name=Windows 7, sun.jnu.encoding=Cp1252, java.library.path=D:\ProgramFiles\java\jdk8\bin;C:\Windows\Sun\Java\bin;C:\Windows\system32;C:\Windows;C:\ProgramData\Oracle\Java\javapath;C:\Program Files\Common Files\Microsoft Shared\Windows Live;C:\Program Files (x86)\Common Files\Microsoft Shared\Windows Live;C:\Windows\system32;C:\Windows;C:\Windows\System32\Wbem;C:\Windows\System32\WindowsPowerShell\v1.0\;C:\Program Files\Intel\WiFi\bin\;C:\Program Files\Common Files\Intel\WirelessCommon\;c:\Program Files (x86)\Common Files\Roxio Shared\DLLShared\;c:\Program Files (x86)\Common Files\Roxio Shared\OEM\DLLShared\;c:\Program Files (x86)\Common Files\Roxio Shared\OEM\DLLShared\;c:\Program Files (x86)\Common Files\Roxio Shared\OEM\12.0\DLLShared\;c:\Program Files (x86)\Roxio\OEM\AudioCore\;C:\Program Files (x86)\Windows Live\Shared;D:\ProgramFiles\servers\nodejs;D:\ProgramFiles\Gradle\gradle-4.0\bin;D:\ProgramFiles\java\jdk8\bin;D:\ProgramFiles\maven\apache-maven-3.5.0-bin\bin;C:\Program Files (x86)\Skype\Phone\;D:\ProgramFiles\minishift1.5\minishift-1.5.0-windows-amd64;C:\Program Files\PuTTY\;C:\Program Files\Git\cmd;C:\Users\ELN\AppData\Roaming\npm;., java.specification.name=Java Platform API Specification, java.class.version=52.0, org.gradle.native=false, sun.management.compiler=HotSpot 64-Bit Tiered Compilers, os.version=6.1, user.home=C:\Users\ELN, user.timezone=America/Chicago, java.awt.printerjob=sun.awt.windows.WPrinterJob, file.encoding=windows-1252, java.specification.version=1.8, java.class.path=F:\Workspace\gradle-workspace\weight-analyzer\db-mediator\build\classes\java\test;F:\Workspace\gradle-workspace\weight-analyzer\db-mediator\build\resources\test;F:\Workspace\gradle-workspace\weight-analyzer\db-mediator\build\classes\java\main;F:\Workspace\gradle-workspace\weight-analyzer\db-mediator\build\resources\main;G:\repo\caches\modules-2\files-2.1\commons-beanutils\commons-beanutils\1.8.3\686ef3410bcf4ab8ce7fd0b899e832aaba5facf7\commons-beanutils-1.8.3.jar;G:\repo\caches\modules-2\files-2.1\org.springframework.boot\spring-boot-starter\1.5.7.RELEASE\b42fe6962dd8b3be4ac8c1d7134d0ca2d0a35c7e\spring-boot-starter-1.5.7.RELEASE.jar;G:\repo\caches\modules-2\files-2.1\org.springframework.boot\spring-boot-maven-plugin\1.5.7.RELEASE\c536df1900158f5d1f4bb6e7b5b4cc45488ede25\spring-boot-maven-plugin-1.5.7.RELEASE.jar;G:\repo\caches\modules-2\files-2.1\com.google.code.gson\gson\2.7\751f548c85fa49f330cecbb1875893f971b33c4e\gson-2.7.jar;G:\repo\caches\modules-2\files-2.1\org.mongodb.morphia\morphia\1.3.2\d092af507a8fdafb90fee3a16b24d5cdf1628544\morphia-1.3.2.jar;G:\repo\caches\modules-2\files-2.1\org.springframework.boot\spring-boot-starter-test\1.5.7.RELEASE\d23f37a72c2d4e46aba66bc69a649213f9cadeee\spring-boot-starter-test-1.5.7.RELEASE.jar;G:\repo\caches\modules-2\files-2.1\org.springframework.boot\spring-boot-test-autoconfigure\1.5.7.RELEASE\8bead16b97c9f1b5fe7c47f3e030dd9351a6974d\spring-boot-test-autoconfigure-1.5.7.RELEASE.jar;G:\repo\caches\modules-2\files-2.1\org.springframework.boot\spring-boot-autoconfigure\1.5.7.RELEASE\e83f1407ff991e9e7eb156f49fa19d868bb73289\spring-boot-autoconfigure-1.5.7.RELEASE.jar;G:\repo\caches\modules-2\files-2.1\org.springframework.boot\spring-boot-test\1.5.7.RELEASE\b8d77445d48f4320f404d8f13f4e5cb95bc36b30\spring-boot-test-1.5.7.RELEASE.jar;G:\repo\caches\modules-2\files-2.1\org.springframework.boot\spring-boot\1.5.7.RELEASE\1006870df7b3dc203df7ce84463c5dd7049fdaa4\spring-boot-1.5.7.RELEASE.jar;G:\repo\caches\modules-2\files-2.1\org.springframework.boot\spring-boot-loader-tools\1.5.7.RELEASE\e99c816906e6743b4c59977144a66713969ab22a\spring-boot-loader-tools-1.5.7.RELEASE.jar;G:\repo\caches\modules-2\files-2.1\org.springframework\spring-test\4.3.11.RELEASE\cf765b5d6d6bdc38c67522ecae3fe9549da43e1\spring-test-4.3.11.RELEASE.jar;G:\repo\caches\modules-2\files-2.1\org.springframework\spring-context\4.3.11.RELEASE\3efec2d7c7469d49108a2b21c3f15831f7297569\spring-context-4.3.11.RELEASE.jar;G:\repo\caches\modules-2\files-2.1\org.springframework\spring-aop\4.3.11.RELEASE\461d0bb58f1de30203d9331adf4b51de9554de5a\spring-aop-4.3.11.RELEASE.jar;G:\repo\caches\modules-2\files-2.1\org.springframework\spring-beans\4.3.11.RELEASE\591cc35fd39292adae13f01aa13e978d0bb11936\spring-beans-4.3.11.RELEASE.jar;G:\repo\caches\modules-2\files-2.1\org.springframework\spring-expression\4.3.11.RELEASE\fca662a2fccdad90ec22b2aaecb021047dcbe249\spring-expression-4.3.11.RELEASE.jar;G:\repo\caches\modules-2\files-2.1\org.springframework\spring-core\4.3.11.RELEASE\eb30ed093f628279d3aead068fd478fa343f1dad\spring-core-4.3.11.RELEASE.jar;G:\repo\caches\modules-2\files-2.1\commons-logging\commons-logging\1.2\4bfc12adfe4842bf07b657f0369c4cb522955686\commons-logging-1.2.jar;G:\repo\caches\modules-2\files-2.1\org.springframework.boot\spring-boot-starter-logging\1.5.7.RELEASE\c84c4ea09d7f789a0d5e936a961471e5dbd9295e\spring-boot-starter-logging-1.5.7.RELEASE.jar;G:\repo\caches\modules-2\files-2.1\org.yaml\snakeyaml\1.17\7a27ea250c5130b2922b86dea63cbb1cc10a660c\snakeyaml-1.17.jar;G:\repo\caches\modules-2\files-2.1\org.apache.maven\maven-archiver\2.6\e0f87fd4d03b9f0c09908c4d0c398acd501a11d8\maven-archiver-2.6.jar;G:\repo\caches\modules-2\files-2.1\org.apache.maven.shared\maven-common-artifact-filters\1.4\de97ff2efd804f06c3698a914f2d55205742bcc4\maven-common-artifact-filters-1.4.jar;G:\repo\caches\modules-2\files-2.1\org.apache.maven\maven-project\2.0.8\475a52c7181930b1680fce3269245ccc26e3de\maven-project-2.0.8.jar;G:\repo\caches\modules-2\files-2.1\org.apache.maven\maven-artifact-manager\2.0.8\bb5ba069e3460450b139075b91f27f7bd4007877\maven-artifact-manager-2.0.8.jar;G:\repo\caches\modules-2\files-2.1\org.apache.maven\maven-core\3.1.1\ab7a9b58a1a4dec17facebda058d1da2a34871ff\maven-core-3.1.1.jar;G:\repo\caches\modules-2\files-2.1\org.apache.maven\maven-plugin-api\3.1.1\3836a4ea31ca2d1531aa250127bc17e6e876d658\maven-plugin-api-3.1.1.jar;G:\repo\caches\modules-2\files-2.1\org.apache.maven\maven-artifact\3.1.1\dbd94f0744545e17caa51db6fc493fc736361837\maven-artifact-3.1.1.jar;G:\repo\caches\modules-2\files-2.1\org.apache.maven\maven-profile\2.0.8\4da3b9551606437a80bdc695c4fafde03a037ab9\maven-profile-2.0.8.jar;G:\repo\caches\modules-2\files-2.1\org.apache.maven\maven-aether-provider\3.1.1\7fd8a65d950d0e77dd39cc4ce2776ff9673ae470\maven-aether-provider-3.1.1.jar;G:\repo\caches\modules-2\files-2.1\org.apache.maven\maven-model-builder\3.1.1\5fb53c92da84ebeff403414b667611d6bcd477cf\maven-model-builder-3.1.1.jar;G:\repo\caches\modules-2\files-2.1\org.apache.maven\maven-model\3.1.1\ccf79a1a63ef35de038a4226a952175c4e9f4f59\maven-model-3.1.1.jar;G:\repo\caches\modules-2\files-2.1\org.apache.maven\maven-settings-builder\3.1.1\e2d5e96ea4bbd4fc463dbb76d07dd8aefac05e3c\maven-settings-builder-3.1.1.jar;G:\repo\caches\modules-2\files-2.1\org.apache.maven\maven-settings\3.1.1\311d38cf15ec7f5c713985862632db91b7a827af\maven-settings-3.1.1.jar;G:\repo\caches\modules-2\files-2.1\org.codehaus.plexus\plexus-archiver\2.8.1\303776b3f932488380e34fe43b51ab1bbd717b8a\plexus-archiver-2.8.1.jar;G:\repo\caches\modules-2\files-2.1\org.sonatype.plexus\plexus-bu
[...]
03:40:22.433 [Test worker] DEBUG org.springframework.beans.factory.support.DefaultListableBeanFactory - Eagerly caching bean 'spring.info-org.springframework.boot.autoconfigure.info.ProjectInfoProperties' to allow for resolving potential circular references
03:40:22.433 [Test worker] DEBUG org.springframework.beans.factory.annotation.InjectionMetadata - Processing injected element of bean 'spring.info-org.springframework.boot.autoconfigure.info.ProjectInfoProperties': AutowiredMethodElement for void org.springframework.boot.autoconfigure.info.ProjectInfoProperties.setDefaultGitLocation(org.springframework.core.io.Resource)
03:40:22.440 [Test worker] DEBUG org.springframework.core.env.PropertySourcesPropertyResolver - Could not find key 'spring.git.properties:classpath:git.properties' in any property source
03:40:22.440 [Test worker] DEBUG org.springframework.core.env.PropertySourcesPropertyResolver - Could not find key 'spring.git.properties:classpath:git.properties' in any property source
03:40:22.440 [Test worker] DEBUG org.springframework.core.env.PropertySourcesPropertyResolver - Could not find key 'spring.git.properties' in any property source
03:40:22.440 [Test worker] DEBUG org.springframework.core.env.PropertySourcesPropertyResolver - Could not find key 'spring.git.properties' in any property source
03:40:22.444 [Test worker] DEBUG org.springframework.core.env.MutablePropertySources - Adding PropertySource 'systemProperties' with lowest search precedence
03:40:22.445 [Test worker] DEBUG org.springframework.core.env.MutablePropertySources - Adding PropertySource 'systemEnvironment' with lowest search precedence
03:40:22.445 [Test worker] DEBUG org.springframework.core.env.MutablePropertySources - Adding PropertySource 'localProperties' with lowest search precedence
03:40:22.453 [Test worker] DEBUG org.springframework.beans.factory.support.DefaultListableBeanFactory - Finished creating instance of bean 'spring.info-org.springframework.boot.autoconfigure.info.ProjectInfoProperties'
03:40:22.454 [Test worker] DEBUG org.springframework.beans.factory.support.DefaultListableBeanFactory - Autowiring by type from bean name 'org.springframework.boot.autoconfigure.info.ProjectInfoAutoConfiguration' via constructor to bean named 'spring.info-org.springframework.boot.autoconfigure.info.ProjectInfoProperties'
03:40:22.457 [Test worker] DEBUG org.springframework.beans.factory.support.DefaultListableBeanFactory - Eagerly caching bean 'org.springframework.boot.autoconfigure.info.ProjectInfoAutoConfiguration' to allow for resolving potential circular references
03:40:22.482 [Test worker] DEBUG org.springframework.beans.factory.support.DefaultListableBeanFactory - Finished creating instance of bean 'org.springframework.boot.autoconfigure.info.ProjectInfoAutoConfiguration'
03:40:22.482 [Test worker] DEBUG org.springframework.beans.factory.support.DefaultListableBeanFactory - Returning cached instance of singleton bean 'spring.info-org.springframework.boot.autoconfigure.info.ProjectInfoProperties'
03:40:22.483 [Test worker] DEBUG org.springframework.beans.factory.support.DefaultListableBeanFactory - Creating shared instance of singleton bean 'org.springframework.boot.autoconfigure.web.WebClientAutoConfiguration'
03:40:22.483 [Test worker] DEBUG org.springframework.beans.factory.support.DefaultListableBeanFactory - Creating instance of bean 'org.springframework.boot.autoconfigure.web.WebClientAutoConfiguration'
03:40:22.484 [Test worker] DEBUG org.springframework.beans.factory.support.DefaultListableBeanFactory - Eagerly caching bean 'org.springframework.boot.autoconfigure.web.WebClientAutoConfiguration' to allow for resolving potential circular references
03:40:22.501 [Test worker] DEBUG org.springframework.beans.factory.support.DefaultListableBeanFactory - Finished creating instance of bean 'org.springframework.boot.autoconfigure.web.WebClientAutoConfiguration'
03:40:22.502 [Test worker] DEBUG org.springframework.beans.factory.support.DefaultListableBeanFactory - Returning cached instance of singleton bean 'org.springframework.context.event.internalEventListenerFactory'
03:40:22.681 [Test worker] INFO org.springframework.jmx.export.annotation.AnnotationMBeanExporter - Registering beans for JMX exposure on startup
03:40:22.682 [Test worker] DEBUG org.springframework.jmx.export.annotation.AnnotationMBeanExporter - Autodetecting user-defined JMX MBeans
03:40:22.697 [Test worker] DEBUG org.springframework.context.support.GenericApplicationContext - Unable to locate LifecycleProcessor with name 'lifecycleProcessor': using default [org.springframework.context.support.DefaultLifecycleProcessor@2437386f]
03:40:22.699 [Test worker] DEBUG org.springframework.beans.factory.support.DefaultListableBeanFactory - Returning cached instance of singleton bean 'lifecycleProcessor'
03:40:22.709 [Test worker] DEBUG org.springframework.beans.factory.support.DefaultListableBeanFactory - Returning cached instance of singleton bean 'org.springframework.boot.context.properties.ConfigurationPropertiesBindingPostProcessor'
03:40:22.715 [Test worker] DEBUG org.springframework.core.env.PropertySourcesPropertyResolver - Could not find key 'spring.liveBeansView.mbeanDomain' in any property source
03:40:22.723 [Test worker] DEBUG org.springframework.test.context.cache.DefaultCacheAwareContextLoaderDelegate - Storing ApplicationContext in cache under key [[MergedContextConfiguration@1df468e testClass = MetricDataSourceTest, locations = '{}', classes = '{class com.egen.weightanalyzer.repository.DBApplication}', contextInitializerClasses = '[]', activeProfiles = '{}', propertySourceLocations = '{}', propertySourceProperties = '{}', contextCustomizers = set[org.springframework.boot.test.autoconfigure.properties.PropertyMappingContextCustomizer@0, org.springframework.boot.test.autoconfigure.web.servlet.WebDriverContextCustomizerFactory$Customizer@24a2fbf3, org.springframework.boot.test.context.filter.ExcludeFilterContextCustomizer@41a50daf, org.springframework.boot.test.json.DuplicateJsonObjectContextCustomizerFactory$DuplicateJsonObjectContextCustomizer@1a15c7f2, org.springframework.boot.test.mock.mockito.MockitoContextCustomizer@0], contextLoader = 'org.springframework.test.context.support.DelegatingSmartContextLoader', parent = [null]]]
03:40:22.724 [Test worker] DEBUG org.springframework.test.context.cache - Spring test ApplicationContext cache statistics: [DefaultContextCache@6e0bc55c size = 1, maxSize = 32, parentContextCount = 0, hitCount = 0, missCount = 1]
03:40:22.731 [Test worker] DEBUG org.springframework.beans.factory.annotation.InjectionMetadata - Processing injected element of bean 'com.egen.weighttracker.rep.test.MetricDataSourceTest': AutowiredFieldElement for com.egen.weightanalyzer.repository.connection.MetricDataSource com.egen.weighttracker.rep.test.MetricDataSourceTest.metricDataSource
03:40:22.733 [Test worker] DEBUG org.springframework.beans.factory.support.DefaultListableBeanFactory - Returning cached instance of singleton bean 'metricDataSource'
03:40:22.734 [Test worker] DEBUG org.springframework.beans.factory.annotation.AutowiredAnnotationBeanPostProcessor - Autowiring by type from bean name 'com.egen.weighttracker.rep.test.MetricDataSourceTest' to bean named 'metricDataSource'
03:40:22.753 [Test worker] DEBUG org.springframework.test.context.support.AbstractDirtiesContextTestExecutionListener - Before test method: context [DefaultTestContext@374fdcde testClass = MetricDataSourceTest, testInstance = com.egen.weighttracker.rep.test.MetricDataSourceTest@477f1b89, testMethod = count@MetricDataSourceTest, testException = [null], mergedContextConfiguration = [MergedContextConfiguration@1df468e testClass = MetricDataSourceTest, locations = '{}', classes = '{class com.egen.weightanalyzer.repository.DBApplication}', contextInitializerClasses = '[]', activeProfiles = '{}', propertySourceLocations = '{}', propertySourceProperties = '{}', contextCustomizers = set[org.springframework.boot.test.autoconfigure.properties.PropertyMappingContextCustomizer@0, org.springframework.boot.test.autoconfigure.web.servlet.WebDriverContextCustomizerFactory$Customizer@24a2fbf3, org.springframework.boot.test.context.filter.ExcludeFilterContextCustomizer@41a50daf, org.springframework.boot.test.json.DuplicateJsonObjectContextCustomizerFactory$DuplicateJsonObjectContextCustomizer@1a15c7f2, org.springframework.boot.test.mock.mockito.MockitoContextCustomizer@0], contextLoader = 'org.springframework.test.context.support.DelegatingSmartContextLoader', parent = [null]]], class annotated with @DirtiesContext [false] with mode [null], method annotated with @DirtiesContext [false] with mode [null].
03:40:22.754 [Test worker] DEBUG org.springframework.test.context.cache.DefaultCacheAwareContextLoaderDelegate - Retrieved ApplicationContext from cache with key [[MergedContextConfiguration@1df468e testClass = MetricDataSourceTest, locations = '{}', classes = '{class com.egen.weightanalyzer.repository.DBApplication}', contextInitializerClasses = '[]', activeProfiles = '{}', propertySourceLocations = '{}', propertySourceProperties = '{}', contextCustomizers = set[org.springframework.boot.test.autoconfigure.properties.PropertyMappingContextCustomizer@0, org.springframework.boot.test.autoconfigure.web.servlet.WebDriverContextCustomizerFactory$Customizer@24a2fbf3, org.springframework.boot.test.context.filter.ExcludeFilterContextCustomizer@41a50daf, org.springframework.boot.test.json.DuplicateJsonObjectContextCustomizerFactory$DuplicateJsonObjectContextCustomizer@1a15c7f2, org.springframework.boot.test.mock.mockito.MockitoContextCustomizer@0], contextLoader = 'org.springframework.test.context.support.DelegatingSmartContextLoader', parent = [null]]]
03:40:22.755 [Test worker] DEBUG org.springframework.test.context.cache - Spring test ApplicationContext cache statistics: [DefaultContextCache@6e0bc55c size = 1, maxSize = 32, parentContextCount = 0, hitCount = 1, missCount = 1]
03:40:22.915 [Test worker] DEBUG org.springframework.beans.factory.support.DefaultListableBeanFactory - Returning cached instance of singleton bean 'org.springframework.boot.test.mock.mockito.MockitoBeans'
03:40:23.235 [Test worker] INFO org.mongodb.driver.connection - Opened connection [connectionId{localValue:3, serverValue:78}] to localhost:27017
03:40:23.257 [Test worker] DEBUG org.mongodb.driver.protocol.update - Updating documents in namespace test.Metric on connection [connectionId{localValue:3, serverValue:78}] to server localhost:27017
03:40:23.401 [Test worker] DEBUG org.mongodb.driver.protocol.update - Update completed
Employee details saved
03:40:23.500 [Test worker] DEBUG org.mongodb.driver.protocol.command - Sending command {find : BsonString{value='Metric'}} to database test on connection [connectionId{localValue:3, serverValue:78}] to server localhost:27017
03:40:23.555 [Test worker] DEBUG org.mongodb.driver.protocol.command - Command execution completed
03:40:23.574 [Test worker] DEBUG org.mongodb.driver.protocol.command - Sending command {count : BsonString{value='Metric'}} to database test on connection [connectionId{localValue:3, serverValue:78}] to server localhost:27017
03:40:23.589 [Test worker] DEBUG org.mongodb.driver.protocol.command - Command execution completed
03:40:23.591 [Test worker] DEBUG org.springframework.test.context.cache.DefaultCacheAwareContextLoaderDelegate - Retrieved ApplicationContext from cache with key [[MergedContextConfiguration@1df468e testClass = MetricDataSourceTest, locations = '{}', classes = '{class com.egen.weightanalyzer.repository.DBApplication}', contextInitializerClasses = '[]', activeProfiles = '{}', propertySourceLocations = '{}', propertySourceProperties = '{}', contextCustomizers = set[org.springframework.boot.test.autoconfigure.properties.PropertyMappingContextCustomizer@0, org.springframework.boot.test.autoconfigure.web.servlet.WebDriverContextCustomizerFactory$Customizer@24a2fbf3, org.springframework.boot.test.context.filter.ExcludeFilterContextCustomizer@41a50daf, org.springframework.boot.test.json.DuplicateJsonObjectContextCustomizerFactory$DuplicateJsonObjectContextCustomizer@1a15c7f2, org.springframework.boot.test.mock.mockito.MockitoContextCustomizer@0], contextLoader = 'org.springframework.test.context.support.DelegatingSmartContextLoader', parent = [null]]]
03:40:23.591 [Test worker] DEBUG org.springframework.test.context.cache - Spring test ApplicationContext cache statistics: [DefaultContextCache@6e0bc55c size = 1, maxSize = 32, parentContextCount = 0, hitCount = 2, missCount = 1]
03:40:23.595 [Test worker] DEBUG org.springframework.test.context.cache.DefaultCacheAwareContextLoaderDelegate - Retrieved ApplicationContext from cache with key [[MergedContextConfiguration@1df468e testClass = MetricDataSourceTest, locations = '{}', classes = '{class com.egen.weightanalyzer.repository.DBApplication}', contextInitializerClasses = '[]', activeProfiles = '{}', propertySourceLocations = '{}', propertySourceProperties = '{}', contextCustomizers = set[org.springframework.boot.test.autoconfigure.properties.PropertyMappingContextCustomizer@0, org.springframework.boot.test.autoconfigure.web.servlet.WebDriverContextCustomizerFactory$Customizer@24a2fbf3, org.springframework.boot.test.context.filter.ExcludeFilterContextCustomizer@41a50daf, org.springframework.boot.test.json.DuplicateJsonObjectContextCustomizerFactory$DuplicateJsonObjectContextCustomizer@1a15c7f2, org.springframework.boot.test.mock.mockito.MockitoContextCustomizer@0], contextLoader = 'org.springframework.test.context.support.DelegatingSmartContextLoader', parent = [null]]]
03:40:23.596 [Test worker] DEBUG org.springframework.test.context.cache - Spring test ApplicationContext cache statistics: [DefaultContextCache@6e0bc55c size = 1, maxSize = 32, parentContextCount = 0, hitCount = 3, missCount = 1]
03:40:23.597 [Test worker] DEBUG org.springframework.beans.factory.support.DefaultListableBeanFactory - Returning cached instance of singleton bean 'org.springframework.boot.test.mock.mockito.MockitoBeans'
03:40:23.597 [Test worker] DEBUG org.springframework.test.context.cache.DefaultCacheAwareContextLoaderDelegate - Retrieved ApplicationContext from cache with key [[MergedContextConfiguration@1df468e testClass = MetricDataSourceTest, locations = '{}', classes = '{class com.egen.weightanalyzer.repository.DBApplication}', contextInitializerClasses = '[]', activeProfiles = '{}', propertySourceLocations = '{}', propertySourceProperties = '{}', contextCustomizers = set[org.springframework.boot.test.autoconfigure.properties.PropertyMappingContextCustomizer@0, org.springframework.boot.test.autoconfigure.web.servlet.WebDriverContextCustomizerFactory$Customizer@24a2fbf3, org.springframework.boot.test.context.filter.ExcludeFilterContextCustomizer@41a50daf, org.springframework.boot.test.json.DuplicateJsonObjectContextCustomizerFactory$DuplicateJsonObjectContextCustomizer@1a15c7f2, org.springframework.boot.test.mock.mockito.MockitoContextCustomizer@0], contextLoader = 'org.springframework.test.context.support.DelegatingSmartContextLoader', parent = [null]]]
03:40:23.598 [Test worker] DEBUG org.springframework.test.context.cache - Spring test ApplicationContext cache statistics: [DefaultContextCache@6e0bc55c size = 1, maxSize = 32, parentContextCount = 0, hitCount = 4, missCount = 1]
03:40:23.599 [Test worker] DEBUG org.springframework.test.context.cache.DefaultCacheAwareContextLoaderDelegate - Retrieved ApplicationContext from cache with key [[MergedContextConfiguration@1df468e testClass = MetricDataSourceTest, locations = '{}', classes = '{class com.egen.weightanalyzer.repository.DBApplication}', contextInitializerClasses = '[]', activeProfiles = '{}', propertySourceLocations = '{}', propertySourceProperties = '{}', contextCustomizers = set[org.springframework.boot.test.autoconfigure.properties.PropertyMappingContextCustomizer@0, org.springframework.boot.test.autoconfigure.web.servlet.WebDriverContextCustomizerFactory$Customizer@24a2fbf3, org.springframework.boot.test.context.filter.ExcludeFilterContextCustomizer@41a50daf, org.springframework.boot.test.json.DuplicateJsonObjectContextCustomizerFactory$DuplicateJsonObjectContextCustomizer@1a15c7f2, org.springframework.boot.test.mock.mockito.MockitoContextCustomizer@0], contextLoader = 'org.springframework.test.context.support.DelegatingSmartContextLoader', parent = [null]]]
03:40:23.599 [Test worker] DEBUG org.springframework.test.context.cache - Spring test ApplicationContext cache statistics: [DefaultContextCache@6e0bc55c size = 1, maxSize = 32, parentContextCount = 0, hitCount = 5, missCount = 1]
03:40:23.604 [Test worker] DEBUG org.springframework.test.context.support.AbstractDirtiesContextTestExecutionListener - After test method: context [DefaultTestContext@374fdcde testClass = MetricDataSourceTest, testInstance = com.egen.weighttracker.rep.test.MetricDataSourceTest@477f1b89, testMethod = count@MetricDataSourceTest, testException = java.lang.AssertionError: expected:<1> but was:<61>, mergedContextConfiguration = [MergedContextConfiguration@1df468e testClass = MetricDataSourceTest, locations = '{}', classes = '{class com.egen.weightanalyzer.repository.DBApplication}', contextInitializerClasses = '[]', activeProfiles = '{}', propertySourceLocations = '{}', propertySourceProperties = '{}', contextCustomizers = set[org.springframework.boot.test.autoconfigure.properties.PropertyMappingContextCustomizer@0, org.springframework.boot.test.autoconfigure.web.servlet.WebDriverContextCustomizerFactory$Customizer@24a2fbf3, org.springframework.boot.test.context.filter.ExcludeFilterContextCustomizer@41a50daf, org.springframework.boot.test.json.DuplicateJsonObjectContextCustomizerFactory$DuplicateJsonObjectContextCustomizer@1a15c7f2, org.springframework.boot.test.mock.mockito.MockitoContextCustomizer@0], contextLoader = 'org.springframework.test.context.support.DelegatingSmartContextLoader', parent = [null]]], class annotated with @DirtiesContext [false] with mode [null], method annotated with @DirtiesContext [false] with mode [null].
03:40:23.614 [Test worker] DEBUG org.springframework.test.context.support.AbstractDirtiesContextTestExecutionListener - After test class: context [DefaultTestContext@374fdcde testClass = MetricDataSourceTest, testInstance = [null], testMethod = [null], testException = [null], mergedContextConfiguration = [MergedContextConfiguration@1df468e testClass = MetricDataSourceTest, locations = '{}', classes = '{class com.egen.weightanalyzer.repository.DBApplication}', contextInitializerClasses = '[]', activeProfiles = '{}', propertySourceLocations = '{}', propertySourceProperties = '{}', contextCustomizers = set[org.springframework.boot.test.autoconfigure.properties.PropertyMappingContextCustomizer@0, org.springframework.boot.test.autoconfigure.web.servlet.WebDriverContextCustomizerFactory$Customizer@24a2fbf3, org.springframework.boot.test.context.filter.ExcludeFilterContextCustomizer@41a50daf, org.springframework.boot.test.json.DuplicateJsonObjectContextCustomizerFactory$DuplicateJsonObjectContextCustomizer@1a15c7f2, org.springframework.boot.test.mock.mockito.MockitoContextCustomizer@0], contextLoader = 'org.springframework.test.context.support.DelegatingSmartContextLoader', parent = [null]]], class annotated with @DirtiesContext [false] with mode [null].
]]></system-out>
  <system-err><![CDATA[Oct 16, 2017 3:40:20 AM org.mongodb.morphia.logging.MorphiaLoggerFactory chooseLoggerFactory
INFO: LoggerImplFactory set to org.mongodb.morphia.logging.jdk.JDKLoggerFactory
%%%%%%%%%%%%%%%%%%%%%MetricEntity{value='150', timeStamp=2017-10-16 03:40:22.923, name='Hari'}
]]></system-err>
</testsuite>
